[init] Starting in host mode (PID=31880, OS_ROOT=/data/data/com.termux/files/home/OS)
[init] Host mode: skipping mounts
[init] Starting services from /data/data/com.termux/files/home/OS/etc/init.d
[init] Starting service: banner
=== OS Boot ===
Name: OS (BusyBox Userland)
Version: 0.1
Kernel: 5.4.289-qgki-32192773-abG990USQSMIZB2
[init] Starting service: devices
[dev] Preparing /dev...
[init] Boot complete.
[init] Starting in host mode (PID=926, OS_ROOT=/data/data/com.termux/files/home/OS)
[init] Host mode: skipping mounts
[init] Starting services from /data/data/com.termux/files/home/OS/etc/init.d
[init] Starting service: banner
=== OS Boot ===
Name: OS (BusyBox Userland)
Version: 0.1
Kernel: 5.4.289-qgki-32192773-abG990USQSMIZB2
[init] Starting service: devices
[dev] Preparing /dev...
[init] Starting service: os-kernel
[init] Boot complete.
[init] Starting in host mode (PID=1978, OS_ROOT=/data/data/com.termux/files/home/OS)
[init] Host mode: skipping mounts
[init] Starting services from /data/data/com.termux/files/home/OS/etc/init.d
[init] Starting service: banner
=== OS Boot ===
Name: OS (BusyBox Userland)
Version: 0.1
Kernel: 5.4.289-qgki-32192773-abG990USQSMIZB2
[init] Starting service: devices
[dev] Preparing /dev...
[init] Starting service: os-kernel
[init] Boot complete.
[init] Starting in host mode (PID=7151, OS_ROOT=/data/data/com.termux/files/home/OS)
[init] Host mode: skipping mounts
[init] Starting services from /data/data/com.termux/files/home/OS/etc/init.d
[init] Starting service: banner
=== OS Boot ===
Name: OS (BusyBox Userland)
Version: 0.1
Kernel: 5.4.289-qgki-32192773-abG990USQSMIZB2
[init] Starting service: devices
[dev] Preparing /dev...
[init] Starting service: os-kernel
[init] Boot complete.
[init] Starting in host mode (PID=11057, OS_ROOT=/data/data/com.termux/files/home/OS)
[init] Host mode: skipping mounts
[init] Starting services from /data/data/com.termux/files/home/OS/etc/init.d
[init] Starting service: S10-banner
=== OS Boot ===
Name: OS (BusyBox Userland)
Version: 0.1
Kernel: 5.4.289-qgki-32192773-abG990USQSMIZB2
[init] Starting service: S20-devices
[dev] Preparing /dev...
[init] Starting service: S30-os-kernel
[init] Boot complete.
[init] Starting in host mode (PID=11752, OS_ROOT=/data/data/com.termux/files/home/OS)
[init] Host mode: skipping mounts
[init] Starting services from /data/data/com.termux/files/home/OS/etc/init.d
[init] Starting service: S10-banner
=== OS Boot ===
Name: OS (BusyBox Userland)
Version: 0.1
Kernel: 5.4.289-qgki-32192773-abG990USQSMIZB2
[init] Starting service: S20-devices
[dev] Preparing /dev...
[init] Starting service: S30-os-kernel
[init] Boot complete.
[init] Starting in host mode (PID=5751, OS_ROOT=/data/data/com.termux/files/home/OS)
[init] Host mode: skipping mounts
[init] Starting services from /data/data/com.termux/files/home/OS/etc/init.d
[init] Starting service: S10-banner
=== OS Boot ===
Name: OS (BusyBox Userland)
Version: 0.1
Kernel: 5.4.289-qgki-32192773-abG990USQSMIZB2
[init] Starting service: S20-devices
[dev] Preparing /dev...
[init] Starting service: S30-os-kernel
[init] Boot complete.
[init] Starting in host mode (PID=8676, OS_ROOT=/data/data/com.termux/files/home/OS)
[init] Host mode: skipping mounts
[init] Starting services from /data/data/com.termux/files/home/OS/etc/init.d
[init] Starting service: S10-banner
=== OS Boot ===
Name: OS (BusyBox Userland)
Version: 0.1
Kernel: 5.4.289-qgki-32192773-abG990USQSMIZB2
[init] Starting service: S20-devices
[dev] Preparing /dev...
[init] Starting service: S30-os-kernel
[init] Boot complete.
[init] Starting in host mode (PID=15984, OS_ROOT=/data/data/com.termux/files/home/OS)
[init] Host mode: skipping mounts
[init] Starting services from /data/data/com.termux/files/home/OS/etc/init.d
[init] Starting service: S10-banner
=== OS Boot ===
Name: OS (BusyBox Userland)
Version: 0.1
Kernel: 5.4.289-qgki-32192773-abG990USQSMIZB2
[init] Starting service: S20-devices
[dev] Preparing /dev...
[init] Starting service: S30-os-kernel
[init] Boot complete.
[init] Starting in host mode (PID=19806, OS_ROOT=/data/data/com.termux/files/home/OS)
[init] Host mode: skipping mounts
[init] Starting services from /data/data/com.termux/files/home/OS/etc/init.d
[init] Starting service: S10-banner
=== OS Boot ===
Name: OS (BusyBox Userland)
Version: 0.1
Kernel: 5.4.289-qgki-32192773-abG990USQSMIZB2
[init] Starting service: S20-devices
[dev] Preparing /dev...
[init] Starting service: S30-os-kernel
[init] Boot complete.
[init] Starting in host mode (PID=23880, OS_ROOT=/data/data/com.termux/files/home/OS)
[init] Host mode: skipping mounts
[init] Starting services from /data/data/com.termux/files/home/OS/etc/init.d
[init] Starting service: S10-banner
=== OS Boot ===
Name: OS (BusyBox Userland)
Version: 0.1
Kernel: 5.4.289-qgki-32192773-abG990USQSMIZB2
[init] Starting service: S20-devices
[dev] Preparing /dev...
[init] Starting service: S30-os-kernel
[init] Boot complete.
[init] Starting in host mode (PID=27058, OS_ROOT=/data/data/com.termux/files/home/OS)
[init] Host mode: skipping mounts
[init] Starting services from /data/data/com.termux/files/home/OS/etc/init.d
[init] Starting service: S10-banner
=== OS Boot ===
Name: OS (BusyBox Userland)
Version: 0.1
Kernel: 5.4.289-qgki-32192773-abG990USQSMIZB2
[init] Starting service: S20-devices
[dev] Preparing /dev...
[init] Starting service: S30-os-kernel
[init] Boot complete.
[init] Starting in host mode (PID=29451, OS_ROOT=/data/data/com.termux/files/home/OS)
[init] Host mode: skipping mounts
[init] Starting services from /data/data/com.termux/files/home/OS/etc/init.d
[init] Starting service: S10-banner
=== OS Boot ===
Name: OS (BusyBox Userland)
Version: 0.1
Kernel: 5.4.289-qgki-32192773-abG990USQSMIZB2
[init] Starting service: S20-devices
[dev] Preparing /dev...
[init] Starting service: S30-os-kernel
[init] Boot complete.
Killed
[init] Starting in host mode (PID=12279, OS_ROOT=/data/data/com.termux/files/home/OS)
[init] Host mode: skipping mounts
[init] Starting services from /data/data/com.termux/files/home/OS/etc/init.d
[init] Starting service: S10-banner
=== OS Boot ===
Name: OS (BusyBox Userland)
Version: 0.1
Kernel: 5.4.289-qgki-32192773-abG990USQSMIZB2
[init] Starting service: S20-devices
[dev] Preparing /dev...
[init] Starting service: S30-os-kernel
[init] Boot complete.
[init] Starting in host mode (PID=13987, OS_ROOT=/data/data/com.termux/files/home/OS)
[init] Host mode: skipping mounts
[init] Starting services from /data/data/com.termux/files/home/OS/etc/init.d
[init] Starting service: S10-banner
=== OS Boot ===
Name: OS (BusyBox Userland)
Version: 0.1
Kernel: 5.4.289-qgki-32192773-abG990USQSMIZB2
[init] Starting service: S20-devices
[dev] Preparing /dev...
[init] Starting service: S30-os-kernel
[init] Boot complete.
