[2026-04-02 17:15:06] kernel: heartbeat
[2026-04-02 17:15:07] service: banner started
[2026-04-02 17:15:30] kernel: starting
[2026-04-02 17:15:30] kernel: started pid=20762
[2026-04-02 17:15:30] kernel: heartbeat pid=20762
[2026-04-02 17:15:35] kernel: heartbeat pid=20762
[2026-04-02 17:15:40] kernel: heartbeat pid=20762
[2026-04-02 17:15:45] kernel: heartbeat pid=20762
[2026-04-02 17:15:50] kernel: heartbeat pid=20762
[2026-04-02 17:15:55] kernel: heartbeat pid=20762
[2026-04-02 17:16:01] kernel: heartbeat pid=20762
[2026-04-02 17:16:06] kernel: heartbeat pid=20762
[2026-04-02 17:16:11] kernel: heartbeat pid=20762
[2026-04-02 17:16:16] kernel: heartbeat pid=20762
[2026-04-02 17:16:21] kernel: heartbeat pid=20762
[2026-04-02 17:16:26] kernel: heartbeat pid=20762
[2026-04-02 17:16:31] kernel: heartbeat pid=20762
[2026-04-02 17:16:36] kernel: heartbeat pid=20762
[2026-04-02 17:16:41] kernel: heartbeat pid=20762
[2026-04-02 17:16:46] kernel: heartbeat pid=20762
[2026-04-02 17:16:51] kernel: heartbeat pid=20762
[2026-04-02 17:16:54] kernel: starting
[2026-04-02 17:16:54] kernel: started pid=22184
[2026-04-02 17:16:54] kernel: heartbeat pid=22184
[2026-04-02 17:16:56] kernel: heartbeat pid=20762
[2026-04-02 17:16:59] kernel: heartbeat pid=22184
[2026-04-02 17:17:01] kernel: heartbeat pid=20762
[2026-04-02 17:17:04] kernel: heartbeat pid=22184
[2026-04-02 17:17:06] kernel: heartbeat pid=20762
[2026-04-02 17:17:09] kernel: heartbeat pid=22184
[2026-04-02 17:17:11] kernel: heartbeat pid=20762
[2026-04-02 17:17:15] kernel: heartbeat pid=22184
[2026-04-02 17:17:16] kernel: heartbeat pid=20762
[2026-04-02 17:17:20] kernel: heartbeat pid=22184
[2026-04-02 17:17:22] kernel: heartbeat pid=20762
[2026-04-02 17:17:25] kernel: heartbeat pid=22184
[2026-04-02 17:17:27] kernel: heartbeat pid=20762
[2026-04-02 17:17:30] kernel: heartbeat pid=22184
[2026-04-02 17:17:32] kernel: heartbeat pid=20762
[2026-04-02 17:17:35] kernel: heartbeat pid=22184
[2026-04-02 17:17:37] kernel: heartbeat pid=20762
[2026-04-02 17:17:40] kernel: starting
[2026-04-02 17:17:40] kernel: heartbeat pid=22184
[2026-04-02 17:17:40] kernel: started pid=23013
[2026-04-02 17:17:40] kernel: heartbeat pid=23013
[2026-04-02 17:17:42] kernel: heartbeat pid=20762
[2026-04-02 17:17:45] kernel: heartbeat pid=22184
[2026-04-02 17:17:45] kernel: heartbeat pid=23013
[2026-04-02 17:17:47] kernel: heartbeat pid=20762
[2026-04-02 17:17:50] kernel: heartbeat pid=22184
[2026-04-02 17:17:50] kernel: heartbeat pid=23013
[2026-04-02 17:17:52] kernel: heartbeat pid=20762
[2026-04-02 17:17:55] kernel: heartbeat pid=22184
[2026-04-02 17:17:55] kernel: heartbeat pid=23013
[2026-04-02 17:17:57] kernel: heartbeat pid=20762
[2026-04-02 17:18:00] kernel: heartbeat pid=22184
[2026-04-02 17:18:00] kernel: heartbeat pid=23013
[2026-04-02 17:18:02] kernel: heartbeat pid=20762
[2026-04-02 17:18:05] kernel: heartbeat pid=22184
[2026-04-02 17:18:05] kernel: heartbeat pid=23013
[2026-04-02 17:18:07] kernel: heartbeat pid=20762
[2026-04-02 17:18:10] kernel: heartbeat pid=22184
[2026-04-02 17:18:10] kernel: heartbeat pid=23013
[2026-04-02 17:18:12] kernel: heartbeat pid=20762
[2026-04-02 17:18:15] kernel: heartbeat pid=22184
[2026-04-02 17:18:15] kernel: heartbeat pid=23013
[2026-04-02 17:18:17] kernel: heartbeat pid=20762
[2026-04-02 17:18:20] kernel: heartbeat pid=22184
[2026-04-02 17:18:20] kernel: heartbeat pid=23013
[2026-04-02 17:18:22] kernel: heartbeat pid=20762
[2026-04-02 17:18:25] kernel: heartbeat pid=22184
[2026-04-02 17:18:25] kernel: heartbeat pid=23013
[2026-04-02 17:18:27] kernel: heartbeat pid=20762
[2026-04-02 17:18:30] kernel: heartbeat pid=22184
[2026-04-02 17:18:30] kernel: heartbeat pid=23013
[2026-04-02 17:18:32] kernel: heartbeat pid=20762
[2026-04-02 17:18:35] kernel: heartbeat pid=22184
[2026-04-02 17:18:35] kernel: heartbeat pid=23013
[2026-04-02 17:18:37] kernel: heartbeat pid=20762
[2026-04-02 17:18:40] kernel: heartbeat pid=22184
[2026-04-02 17:18:41] kernel: heartbeat pid=23013
[2026-04-02 17:18:42] kernel: heartbeat pid=20762
[2026-04-02 17:18:46] kernel: heartbeat pid=22184
[2026-04-02 17:18:46] kernel: heartbeat pid=23013
[2026-04-02 17:18:48] kernel: heartbeat pid=20762
[2026-04-02 17:18:51] kernel: heartbeat pid=22184
[2026-04-02 17:18:51] kernel: heartbeat pid=23013
[2026-04-02 17:18:53] kernel: heartbeat pid=20762
[2026-04-02 17:18:56] kernel: heartbeat pid=22184
[2026-04-02 17:18:56] kernel: heartbeat pid=23013
[2026-04-02 17:18:58] kernel: heartbeat pid=20762
[2026-04-02 17:19:01] kernel: heartbeat pid=22184
[2026-04-02 17:19:01] kernel: heartbeat pid=23013
[2026-04-02 17:19:03] kernel: heartbeat pid=20762
[2026-04-02 17:19:06] kernel: heartbeat pid=22184
[2026-04-02 17:19:06] kernel: heartbeat pid=23013
[2026-04-02 17:19:08] kernel: heartbeat pid=20762
[2026-04-02 17:19:11] kernel: heartbeat pid=22184
[2026-04-02 17:19:11] kernel: heartbeat pid=23013
[2026-04-02 17:19:13] kernel: heartbeat pid=20762
[2026-04-02 17:19:14] kernel: starting
[2026-04-02 17:19:14] kernel: started pid=24763
[2026-04-02 17:19:14] kernel: heartbeat pid=24763
[2026-04-02 17:19:16] kernel: heartbeat pid=22184
[2026-04-02 17:19:16] kernel: heartbeat pid=23013
[2026-04-02 17:19:18] kernel: heartbeat pid=20762
[2026-04-02 17:19:19] kernel: heartbeat pid=24763
[2026-04-02 17:19:21] kernel: heartbeat pid=23013
[2026-04-02 17:19:21] kernel: heartbeat pid=22184
[2026-04-02 17:19:23] kernel: heartbeat pid=20762
[2026-04-02 17:19:24] kernel: heartbeat pid=24763
[2026-04-02 17:19:26] kernel: heartbeat pid=23013
[2026-04-02 17:19:26] kernel: heartbeat pid=22184
[2026-04-02 17:19:28] kernel: heartbeat pid=20762
[2026-04-02 17:19:29] kernel: heartbeat pid=24763
[2026-04-02 17:19:31] kernel: heartbeat pid=22184
[2026-04-02 17:19:31] kernel: heartbeat pid=23013
[2026-04-02 17:19:33] kernel: heartbeat pid=20762
[2026-04-02 17:19:34] kernel: heartbeat pid=24763
[2026-04-02 17:19:36] kernel: heartbeat pid=23013
[2026-04-02 17:19:36] kernel: heartbeat pid=22184
[2026-04-02 17:19:38] kernel: heartbeat pid=20762
[2026-04-02 17:19:40] kernel: heartbeat pid=24763
[2026-04-02 17:19:41] kernel: heartbeat pid=23013
[2026-04-02 17:19:41] kernel: heartbeat pid=22184
[2026-04-02 17:19:43] kernel: heartbeat pid=20762
[2026-04-02 17:19:45] kernel: heartbeat pid=24763
[2026-04-02 17:19:46] kernel: heartbeat pid=23013
[2026-04-02 17:19:46] kernel: heartbeat pid=22184
[2026-04-02 17:19:48] kernel: heartbeat pid=20762
[2026-04-02 17:19:50] kernel: heartbeat pid=24763
[2026-04-02 17:19:51] kernel: heartbeat pid=23013
[2026-04-02 17:19:51] kernel: heartbeat pid=22184
[2026-04-02 17:19:53] kernel: heartbeat pid=20762
[2026-04-02 17:19:55] kernel: heartbeat pid=24763
[2026-04-02 17:19:56] kernel: heartbeat pid=23013
[2026-04-02 17:19:56] kernel: heartbeat pid=22184
[2026-04-02 17:19:58] kernel: heartbeat pid=20762
[2026-04-02 17:20:00] kernel: heartbeat pid=24763
[2026-04-02 17:20:02] kernel: heartbeat pid=23013
[2026-04-02 17:20:02] kernel: heartbeat pid=22184
[2026-04-02 17:20:04] kernel: heartbeat pid=20762
[2026-04-02 17:20:06] kernel: heartbeat pid=24763
[2026-04-02 17:20:07] kernel: heartbeat pid=22184
[2026-04-02 17:20:07] kernel: heartbeat pid=23013
[2026-04-02 17:20:09] kernel: heartbeat pid=20762
[2026-04-02 17:20:11] kernel: heartbeat pid=24763
[2026-04-02 17:20:12] kernel: heartbeat pid=22184
[2026-04-02 17:20:12] kernel: heartbeat pid=23013
[2026-04-02 17:20:14] kernel: heartbeat pid=20762
[2026-04-02 17:20:16] kernel: heartbeat pid=24763
[2026-04-02 17:20:17] kernel: heartbeat pid=22184
[2026-04-02 17:20:17] kernel: heartbeat pid=23013
[2026-04-02 17:20:19] kernel: heartbeat pid=20762
[2026-04-02 17:20:21] kernel: heartbeat pid=24763
[2026-04-02 17:20:22] kernel: heartbeat pid=22184
[2026-04-02 17:20:22] kernel: heartbeat pid=23013
[2026-04-02 17:20:24] kernel: heartbeat pid=20762
[2026-04-02 17:20:26] kernel: heartbeat pid=24763
[2026-04-02 17:20:27] kernel: heartbeat pid=22184
[2026-04-02 17:20:27] kernel: heartbeat pid=23013
[2026-04-02 17:20:29] kernel: heartbeat pid=20762
[2026-04-02 17:20:31] kernel: heartbeat pid=24763
[2026-04-02 17:20:32] kernel: heartbeat pid=22184
[2026-04-02 17:20:32] kernel: heartbeat pid=23013
[2026-04-02 17:20:34] kernel: heartbeat pid=20762
[2026-04-02 17:20:37] kernel: heartbeat pid=24763
[2026-04-02 17:20:37] kernel: heartbeat pid=23013
[2026-04-02 17:20:37] kernel: heartbeat pid=22184
[2026-04-02 17:20:39] kernel: heartbeat pid=20762
[2026-04-02 17:20:42] kernel: heartbeat pid=24763
[2026-04-02 17:20:42] kernel: heartbeat pid=22184
[2026-04-02 17:20:42] kernel: heartbeat pid=23013
[2026-04-02 17:20:44] kernel: heartbeat pid=20762
[2026-04-02 17:20:47] kernel: heartbeat pid=24763
[2026-04-02 17:20:47] kernel: heartbeat pid=22184
[2026-04-02 17:20:47] kernel: heartbeat pid=23013
[2026-04-02 17:20:49] kernel: heartbeat pid=20762
[2026-04-02 17:20:52] kernel: heartbeat pid=24763
[2026-04-02 17:20:52] kernel: heartbeat pid=22184
[2026-04-02 17:20:52] kernel: heartbeat pid=23013
[2026-04-02 17:20:54] kernel: heartbeat pid=20762
[2026-04-02 17:20:57] kernel: heartbeat pid=22184
[2026-04-02 17:20:57] kernel: heartbeat pid=23013
[2026-04-02 17:20:57] kernel: heartbeat pid=24763
[2026-04-02 17:20:59] kernel: heartbeat pid=20762
[2026-04-02 17:21:02] kernel: heartbeat pid=22184
[2026-04-02 17:21:02] kernel: heartbeat pid=23013
[2026-04-02 17:21:02] kernel: heartbeat pid=24763
[2026-04-02 17:21:04] kernel: heartbeat pid=20762
[2026-04-02 17:21:07] kernel: heartbeat pid=22184
[2026-04-02 17:21:07] kernel: heartbeat pid=23013
[2026-04-02 17:21:08] kernel: heartbeat pid=24763
[2026-04-02 17:21:09] kernel: heartbeat pid=20762
[2026-04-02 17:21:12] kernel: heartbeat pid=22184
[2026-04-02 17:21:12] kernel: heartbeat pid=23013
[2026-04-02 17:21:13] kernel: heartbeat pid=24763
[2026-04-02 17:21:15] kernel: heartbeat pid=20762
[2026-04-02 17:21:17] kernel: heartbeat pid=22184
[2026-04-02 17:21:17] kernel: heartbeat pid=23013
[2026-04-02 17:21:18] kernel: heartbeat pid=24763
[2026-04-02 17:21:20] kernel: heartbeat pid=20762
[2026-04-02 17:21:22] kernel: heartbeat pid=22184
[2026-04-02 17:21:23] kernel: heartbeat pid=23013
[2026-04-02 17:21:23] kernel: heartbeat pid=24763
[2026-04-02 17:21:25] kernel: heartbeat pid=20762
[2026-04-02 17:21:28] kernel: heartbeat pid=23013
[2026-04-02 17:21:28] kernel: heartbeat pid=22184
[2026-04-02 17:21:28] kernel: heartbeat pid=24763
[2026-04-02 17:21:30] kernel: heartbeat pid=20762
[2026-04-02 17:21:33] kernel: heartbeat pid=22184
[2026-04-02 17:21:33] kernel: heartbeat pid=23013
[2026-04-02 17:21:33] kernel: heartbeat pid=24763
[2026-04-02 17:21:35] kernel: heartbeat pid=20762
[2026-04-02 17:21:38] kernel: heartbeat pid=22184
[2026-04-02 17:21:38] kernel: heartbeat pid=23013
[2026-04-02 17:21:39] kernel: heartbeat pid=24763
[2026-04-02 17:21:40] kernel: heartbeat pid=20762
[2026-04-02 17:21:43] kernel: heartbeat pid=22184
[2026-04-02 17:21:43] kernel: heartbeat pid=23013
[2026-04-02 17:21:44] kernel: heartbeat pid=24763
[2026-04-02 17:21:45] kernel: heartbeat pid=20762
[2026-04-02 17:21:48] kernel: starting
[2026-04-02 17:21:48] kernel: heartbeat pid=22184
[2026-04-02 17:21:48] kernel: heartbeat pid=23013
[2026-04-02 17:21:48] kernel: started pid=27981
[2026-04-02 17:21:48] kernel: heartbeat pid=27981
[2026-04-02 17:21:49] kernel: heartbeat pid=24763
[2026-04-02 17:21:50] kernel: heartbeat pid=20762
[2026-04-02 17:21:53] kernel: heartbeat pid=22184
[2026-04-02 17:21:53] kernel: heartbeat pid=23013
[2026-04-02 17:21:53] kernel: heartbeat pid=27981
[2026-04-02 17:21:54] kernel: heartbeat pid=24763
[2026-04-02 17:21:55] kernel: heartbeat pid=20762
[2026-04-02 17:21:58] kernel: heartbeat pid=22184
[2026-04-02 17:21:58] kernel: heartbeat pid=23013
[2026-04-02 17:21:58] kernel: heartbeat pid=27981
[2026-04-02 17:21:59] kernel: heartbeat pid=24763
[2026-04-02 17:22:00] kernel: heartbeat pid=20762
[2026-04-02 17:22:03] kernel: heartbeat pid=22184
[2026-04-02 17:22:03] kernel: heartbeat pid=23013
[2026-04-02 17:22:03] kernel: heartbeat pid=27981
[2026-04-02 17:22:04] kernel: heartbeat pid=24763
[2026-04-02 17:22:05] kernel: heartbeat pid=20762
[2026-04-02 17:22:08] kernel: heartbeat pid=22184
[2026-04-02 17:22:08] kernel: heartbeat pid=23013
[2026-04-02 17:22:08] kernel: heartbeat pid=27981
[2026-04-02 17:22:09] kernel: heartbeat pid=24763
[2026-04-02 17:22:10] kernel: heartbeat pid=20762
[2026-04-02 17:22:13] kernel: heartbeat pid=23013
[2026-04-02 17:22:13] kernel: heartbeat pid=22184
[2026-04-02 17:22:14] kernel: heartbeat pid=27981
[2026-04-02 17:22:15] kernel: heartbeat pid=24763
[2026-04-02 17:22:15] kernel: heartbeat pid=20762
[2026-04-02 17:22:18] kernel: heartbeat pid=23013
[2026-04-02 17:22:18] kernel: heartbeat pid=22184
[2026-04-02 17:22:19] kernel: heartbeat pid=27981
[2026-04-02 17:22:20] kernel: heartbeat pid=24763
[2026-04-02 17:22:20] kernel: heartbeat pid=20762
[2026-04-02 17:22:23] kernel: heartbeat pid=23013
[2026-04-02 17:22:23] kernel: heartbeat pid=22184
[2026-04-02 17:22:24] kernel: heartbeat pid=27981
[2026-04-02 17:22:25] kernel: heartbeat pid=24763
[2026-04-02 17:22:26] kernel: heartbeat pid=20762
[2026-04-02 17:22:28] kernel: heartbeat pid=22184
[2026-04-02 17:22:28] kernel: heartbeat pid=23013
[2026-04-02 17:22:29] kernel: heartbeat pid=27981
[2026-04-02 17:22:30] kernel: heartbeat pid=24763
[2026-04-02 17:22:31] kernel: heartbeat pid=20762
[2026-04-02 17:22:33] kernel: heartbeat pid=22184
[2026-04-02 17:22:33] kernel: heartbeat pid=23013
[2026-04-02 17:22:34] kernel: heartbeat pid=27981
[2026-04-02 17:22:35] kernel: heartbeat pid=24763
[2026-04-02 17:22:36] kernel: heartbeat pid=20762
[2026-04-02 17:22:38] kernel: heartbeat pid=22184
[2026-04-02 17:22:38] kernel: heartbeat pid=23013
[2026-04-02 17:22:39] kernel: heartbeat pid=27981
[2026-04-02 17:22:40] kernel: heartbeat pid=24763
[2026-04-02 17:22:41] kernel: heartbeat pid=20762
[2026-04-02 17:22:43] kernel: heartbeat pid=22184
[2026-04-02 17:22:43] kernel: heartbeat pid=23013
[2026-04-02 17:22:45] kernel: heartbeat pid=27981
[2026-04-02 17:22:46] kernel: heartbeat pid=24763
[2026-04-02 17:22:46] kernel: heartbeat pid=20762
[2026-04-02 17:22:49] kernel: heartbeat pid=22184
[2026-04-02 17:22:49] kernel: heartbeat pid=23013
[2026-04-02 17:22:50] kernel: heartbeat pid=27981
[2026-04-02 17:22:51] kernel: heartbeat pid=24763
[2026-04-02 17:22:51] kernel: heartbeat pid=20762
[2026-04-02 17:22:54] kernel: heartbeat pid=23013
[2026-04-02 17:22:54] kernel: heartbeat pid=22184
[2026-04-02 17:22:55] kernel: heartbeat pid=27981
[2026-04-02 17:22:56] kernel: heartbeat pid=24763
[2026-04-02 17:22:56] kernel: heartbeat pid=20762
[2026-04-02 17:22:59] kernel: heartbeat pid=23013
[2026-04-02 17:22:59] kernel: heartbeat pid=22184
[2026-04-02 17:23:00] kernel: heartbeat pid=27981
[2026-04-02 17:23:01] kernel: heartbeat pid=20762
[2026-04-02 17:23:01] kernel: heartbeat pid=24763
[2026-04-02 17:23:04] kernel: heartbeat pid=23013
[2026-04-02 17:23:04] kernel: heartbeat pid=22184
[2026-04-02 17:23:05] kernel: heartbeat pid=27981
[2026-04-02 17:23:06] kernel: heartbeat pid=20762
[2026-04-02 17:23:06] kernel: heartbeat pid=24763
[2026-04-02 17:23:09] kernel: heartbeat pid=23013
[2026-04-02 17:23:09] kernel: heartbeat pid=22184
[2026-04-02 17:23:10] kernel: heartbeat pid=27981
[2026-04-02 17:23:11] kernel: heartbeat pid=20762
[2026-04-02 17:23:12] kernel: heartbeat pid=24763
[2026-04-02 17:23:14] kernel: heartbeat pid=23013
[2026-04-02 17:23:14] kernel: heartbeat pid=22184
[2026-04-02 17:23:15] kernel: heartbeat pid=27981
[2026-04-02 17:23:16] kernel: heartbeat pid=20762
[2026-04-02 17:23:17] kernel: heartbeat pid=24763
[2026-04-02 17:23:19] kernel: heartbeat pid=22184
[2026-04-02 17:23:19] kernel: heartbeat pid=23013
[2026-04-02 17:23:21] kernel: heartbeat pid=27981
[2026-04-02 17:23:21] kernel: heartbeat pid=20762
[2026-04-02 17:23:22] kernel: heartbeat pid=24763
[2026-04-02 17:23:24] kernel: heartbeat pid=22184
[2026-04-02 17:23:24] kernel: heartbeat pid=23013
[2026-04-02 17:23:26] kernel: heartbeat pid=27981
[2026-04-02 17:23:26] kernel: heartbeat pid=20762
[2026-04-02 17:23:27] kernel: heartbeat pid=24763
[2026-04-02 17:23:29] kernel: heartbeat pid=22184
[2026-04-02 17:23:29] kernel: heartbeat pid=23013
[2026-04-02 17:23:31] kernel: heartbeat pid=27981
[2026-04-02 17:23:32] kernel: heartbeat pid=20762
[2026-04-02 17:23:32] kernel: heartbeat pid=24763
[2026-04-02 17:23:34] kernel: heartbeat pid=23013
[2026-04-02 17:23:34] kernel: heartbeat pid=22184
[2026-04-02 17:23:36] kernel: heartbeat pid=27981
[2026-04-02 17:23:37] kernel: heartbeat pid=20762
[2026-04-02 17:23:37] kernel: heartbeat pid=24763
[2026-04-02 17:23:39] kernel: heartbeat pid=23013
[2026-04-02 17:23:39] kernel: heartbeat pid=22184
[2026-04-02 17:23:41] kernel: heartbeat pid=27981
[2026-04-02 17:23:42] kernel: heartbeat pid=20762
[2026-04-02 17:23:43] kernel: heartbeat pid=24763
[2026-04-02 17:23:44] kernel: heartbeat pid=23013
[2026-04-02 17:23:44] kernel: heartbeat pid=22184
[2026-04-02 17:23:47] kernel: heartbeat pid=27981
[2026-04-02 17:23:47] kernel: heartbeat pid=20762
[2026-04-02 17:23:48] kernel: heartbeat pid=24763
[2026-04-02 17:23:49] kernel: heartbeat pid=23013
[2026-04-02 17:23:49] kernel: heartbeat pid=22184
[2026-04-02 17:23:52] kernel: heartbeat pid=27981
[2026-04-02 17:23:52] kernel: heartbeat pid=20762
[2026-04-02 17:23:53] kernel: heartbeat pid=24763
[2026-04-02 17:23:54] kernel: heartbeat pid=23013
[2026-04-02 17:23:54] kernel: heartbeat pid=22184
[2026-04-02 17:23:57] kernel: heartbeat pid=20762
[2026-04-02 17:23:57] kernel: heartbeat pid=27981
[2026-04-02 17:23:58] kernel: heartbeat pid=24763
[2026-04-02 17:23:59] kernel: heartbeat pid=23013
[2026-04-02 17:23:59] kernel: heartbeat pid=22184
[2026-04-02 17:24:02] kernel: heartbeat pid=20762
[2026-04-02 17:24:02] kernel: heartbeat pid=27981
[2026-04-02 17:24:03] kernel: heartbeat pid=24763
[2026-04-02 17:24:04] kernel: heartbeat pid=23013
[2026-04-02 17:24:05] kernel: heartbeat pid=22184
[2026-04-02 17:24:07] kernel: heartbeat pid=20762
[2026-04-02 17:24:07] kernel: heartbeat pid=27981
[2026-04-02 17:24:08] kernel: heartbeat pid=24763
[2026-04-02 17:24:10] kernel: heartbeat pid=23013
[2026-04-02 17:24:10] kernel: heartbeat pid=22184
[2026-04-02 17:24:12] kernel: heartbeat pid=20762
[2026-04-02 17:24:13] kernel: heartbeat pid=27981
[2026-04-02 17:24:14] kernel: heartbeat pid=24763
[2026-04-02 17:24:15] kernel: heartbeat pid=23013
[2026-04-02 17:24:15] kernel: heartbeat pid=22184
[2026-04-02 17:24:17] kernel: heartbeat pid=20762
[2026-04-02 17:24:18] kernel: heartbeat pid=27981
[2026-04-02 17:24:19] kernel: heartbeat pid=24763
[2026-04-02 17:24:20] kernel: heartbeat pid=23013
[2026-04-02 17:24:20] kernel: heartbeat pid=22184
[2026-04-02 17:24:22] kernel: heartbeat pid=20762
[2026-04-02 17:24:23] kernel: heartbeat pid=27981
[2026-04-02 17:24:24] kernel: heartbeat pid=24763
[2026-04-02 17:24:25] kernel: heartbeat pid=23013
[2026-04-02 17:24:25] kernel: heartbeat pid=22184
[2026-04-02 17:24:27] kernel: heartbeat pid=20762
[2026-04-02 17:24:28] kernel: heartbeat pid=27981
[2026-04-02 17:24:29] kernel: heartbeat pid=24763
[2026-04-02 17:24:30] kernel: heartbeat pid=23013
[2026-04-02 17:24:30] kernel: heartbeat pid=22184
[2026-04-02 17:24:32] kernel: heartbeat pid=20762
[2026-04-02 17:24:33] kernel: heartbeat pid=27981
[2026-04-02 17:24:34] kernel: heartbeat pid=24763
[2026-04-02 17:24:35] kernel: heartbeat pid=23013
[2026-04-02 17:24:35] kernel: heartbeat pid=22184
[2026-04-02 17:24:37] kernel: heartbeat pid=20762
[2026-04-02 17:24:38] kernel: heartbeat pid=27981
[2026-04-02 17:24:40] kernel: heartbeat pid=24763
[2026-04-02 17:24:40] kernel: heartbeat pid=23013
[2026-04-02 17:24:40] kernel: heartbeat pid=22184
[2026-04-02 17:24:43] kernel: heartbeat pid=20762
[2026-04-02 17:24:44] kernel: heartbeat pid=27981
[2026-04-02 17:24:45] kernel: heartbeat pid=24763
[2026-04-02 17:24:45] kernel: heartbeat pid=23013
[2026-04-02 17:24:45] kernel: heartbeat pid=22184
[2026-04-02 17:24:48] kernel: heartbeat pid=20762
[2026-04-02 17:24:49] kernel: heartbeat pid=27981
[2026-04-02 17:24:50] kernel: heartbeat pid=23013
[2026-04-02 17:24:50] kernel: heartbeat pid=22184
[2026-04-02 17:24:50] kernel: heartbeat pid=24763
[2026-04-02 17:24:53] kernel: heartbeat pid=20762
[2026-04-02 17:24:54] kernel: heartbeat pid=27981
[2026-04-02 17:24:55] kernel: heartbeat pid=23013
[2026-04-02 17:24:55] kernel: heartbeat pid=22184
[2026-04-02 17:24:55] kernel: heartbeat pid=24763
[2026-04-02 17:24:58] kernel: heartbeat pid=20762
[2026-04-02 17:24:59] kernel: heartbeat pid=27981
[2026-04-02 17:25:00] kernel: heartbeat pid=23013
[2026-04-02 17:25:00] kernel: heartbeat pid=22184
[2026-04-02 17:25:00] kernel: heartbeat pid=24763
[2026-04-02 17:25:03] kernel: heartbeat pid=20762
[2026-04-02 17:25:04] kernel: heartbeat pid=27981
[2026-04-02 17:25:05] kernel: heartbeat pid=23013
[2026-04-02 17:25:05] kernel: heartbeat pid=22184
[2026-04-02 17:25:06] kernel: heartbeat pid=24763
[2026-04-02 17:25:08] kernel: heartbeat pid=20762
[2026-04-02 17:25:08] kernel: starting
[2026-04-02 17:25:08] kernel: started pid=482
[2026-04-02 17:25:08] kernel: heartbeat pid=482
[2026-04-02 17:25:10] kernel: heartbeat pid=27981
[2026-04-02 17:25:10] kernel: heartbeat pid=23013
[2026-04-02 17:25:10] kernel: heartbeat pid=22184
[2026-04-02 17:25:11] kernel: heartbeat pid=24763
[2026-04-02 17:25:13] kernel: heartbeat pid=20762
[2026-04-02 17:25:14] kernel: heartbeat pid=482
[2026-04-02 17:25:15] kernel: heartbeat pid=27981
[2026-04-02 17:25:15] kernel: heartbeat pid=23013
[2026-04-02 17:25:15] kernel: heartbeat pid=22184
[2026-04-02 17:25:16] kernel: heartbeat pid=24763
[2026-04-02 17:25:18] kernel: heartbeat pid=20762
[2026-04-02 17:25:19] kernel: heartbeat pid=482
[2026-04-02 17:25:20] kernel: heartbeat pid=27981
[2026-04-02 17:25:21] kernel: heartbeat pid=23013
[2026-04-02 17:25:21] kernel: heartbeat pid=22184
[2026-04-02 17:25:21] kernel: heartbeat pid=24763
[2026-04-02 17:25:23] kernel: heartbeat pid=20762
[2026-04-02 17:25:24] kernel: heartbeat pid=482
[2026-04-02 17:25:25] kernel: heartbeat pid=27981
[2026-04-02 17:25:26] kernel: heartbeat pid=23013
[2026-04-02 17:25:26] kernel: heartbeat pid=22184
[2026-04-02 17:25:26] kernel: heartbeat pid=24763
[2026-04-02 17:25:28] kernel: heartbeat pid=20762
[2026-04-02 17:25:29] kernel: heartbeat pid=482
[2026-04-02 17:25:30] kernel: heartbeat pid=27981
[2026-04-02 17:25:31] kernel: heartbeat pid=22184
[2026-04-02 17:25:31] kernel: heartbeat pid=23013
[2026-04-02 17:25:31] kernel: heartbeat pid=24763
[2026-04-02 17:25:33] kernel: heartbeat pid=20762
[2026-04-02 17:25:34] kernel: heartbeat pid=482
[2026-04-02 17:25:35] kernel: heartbeat pid=27981
[2026-04-02 17:25:36] kernel: heartbeat pid=22184
[2026-04-02 17:25:36] kernel: heartbeat pid=23013
[2026-04-02 17:25:36] kernel: heartbeat pid=24763
[2026-04-02 17:25:38] kernel: heartbeat pid=20762
[2026-04-02 17:25:40] kernel: heartbeat pid=482
[2026-04-02 17:25:40] kernel: heartbeat pid=27981
[2026-04-02 17:25:41] kernel: heartbeat pid=23013
[2026-04-02 17:25:41] kernel: heartbeat pid=22184
[2026-04-02 17:25:42] kernel: heartbeat pid=24763
[2026-04-02 17:25:43] kernel: heartbeat pid=20762
[2026-04-02 17:25:45] kernel: heartbeat pid=482
[2026-04-02 17:25:45] kernel: heartbeat pid=27981
[2026-04-02 17:25:46] kernel: heartbeat pid=23013
[2026-04-02 17:25:46] kernel: heartbeat pid=22184
[2026-04-02 17:25:47] kernel: heartbeat pid=24763
[2026-04-02 17:25:48] kernel: heartbeat pid=20762
[2026-04-02 17:25:50] kernel: heartbeat pid=482
[2026-04-02 17:25:51] kernel: heartbeat pid=27981
[2026-04-02 17:25:51] kernel: heartbeat pid=23013
[2026-04-02 17:25:51] kernel: heartbeat pid=22184
[2026-04-02 17:25:52] kernel: heartbeat pid=24763
[2026-04-02 17:25:54] kernel: heartbeat pid=20762
[2026-04-02 17:25:55] kernel: heartbeat pid=482
[2026-04-02 17:25:56] kernel: heartbeat pid=27981
[2026-04-02 17:25:56] kernel: heartbeat pid=23013
[2026-04-02 17:25:56] kernel: heartbeat pid=22184
[2026-04-02 17:25:57] kernel: heartbeat pid=24763
[2026-04-02 17:25:59] kernel: heartbeat pid=20762
[2026-04-02 17:26:00] kernel: heartbeat pid=482
[2026-04-02 17:26:01] kernel: heartbeat pid=23013
[2026-04-02 17:26:01] kernel: heartbeat pid=27981
[2026-04-02 17:26:01] kernel: heartbeat pid=22184
[2026-04-02 17:26:02] kernel: heartbeat pid=24763
[2026-04-02 17:26:04] kernel: heartbeat pid=20762
[2026-04-02 17:26:06] kernel: heartbeat pid=482
[2026-04-02 17:26:06] kernel: heartbeat pid=23013
[2026-04-02 17:26:06] kernel: heartbeat pid=22184
[2026-04-02 17:26:06] kernel: heartbeat pid=27981
[2026-04-02 17:26:08] kernel: heartbeat pid=24763
[2026-04-02 17:26:09] kernel: heartbeat pid=20762
[2026-04-02 17:26:11] kernel: heartbeat pid=482
[2026-04-02 17:26:11] kernel: heartbeat pid=23013
[2026-04-02 17:26:11] kernel: heartbeat pid=22184
[2026-04-02 17:26:11] kernel: heartbeat pid=27981
[2026-04-02 17:26:13] kernel: heartbeat pid=24763
[2026-04-02 17:26:14] kernel: heartbeat pid=20762
[2026-04-02 17:26:16] kernel: heartbeat pid=482
[2026-04-02 17:26:16] kernel: heartbeat pid=23013
[2026-04-02 17:26:16] kernel: heartbeat pid=22184
[2026-04-02 17:26:17] kernel: heartbeat pid=27981
[2026-04-02 17:26:18] kernel: heartbeat pid=24763
[2026-04-02 17:26:19] kernel: heartbeat pid=20762
[2026-04-02 17:26:21] kernel: heartbeat pid=23013
[2026-04-02 17:26:21] kernel: heartbeat pid=482
[2026-04-02 17:26:21] kernel: heartbeat pid=22184
[2026-04-02 17:26:22] kernel: heartbeat pid=27981
[2026-04-02 17:26:23] kernel: heartbeat pid=24763
[2026-04-02 17:26:24] kernel: heartbeat pid=20762
[2026-04-02 17:26:26] kernel: heartbeat pid=23013
[2026-04-02 17:26:26] kernel: heartbeat pid=22184
[2026-04-02 17:26:26] kernel: heartbeat pid=482
[2026-04-02 17:26:27] kernel: heartbeat pid=27981
[2026-04-02 17:26:28] kernel: heartbeat pid=24763
[2026-04-02 17:26:29] kernel: heartbeat pid=20762
[2026-04-02 17:26:31] kernel: heartbeat pid=23013
[2026-04-02 17:26:31] kernel: heartbeat pid=22184
[2026-04-02 17:26:32] kernel: heartbeat pid=482
[2026-04-02 17:26:32] kernel: heartbeat pid=27981
[2026-04-02 17:26:33] kernel: heartbeat pid=24763
[2026-04-02 17:26:34] kernel: heartbeat pid=20762
[2026-04-02 17:26:36] kernel: heartbeat pid=23013
[2026-04-02 17:26:37] kernel: heartbeat pid=22184
[2026-04-02 17:26:37] kernel: heartbeat pid=482
[2026-04-02 17:26:37] kernel: heartbeat pid=27981
[2026-04-02 17:26:38] kernel: heartbeat pid=24763
[2026-04-02 17:26:39] kernel: heartbeat pid=20762
[2026-04-02 17:26:42] kernel: heartbeat pid=23013
[2026-04-02 17:26:42] kernel: heartbeat pid=22184
[2026-04-02 17:26:42] kernel: heartbeat pid=482
[2026-04-02 17:26:42] kernel: heartbeat pid=27981
[2026-04-02 17:26:44] kernel: heartbeat pid=24763
[2026-04-02 17:26:44] kernel: heartbeat pid=20762
[2026-04-02 17:26:47] kernel: heartbeat pid=23013
[2026-04-02 17:26:47] kernel: heartbeat pid=22184
[2026-04-02 17:26:47] kernel: heartbeat pid=482
[2026-04-02 17:27:05] kernel: starting
[2026-04-02 17:27:05] kernel: started pid=5798
[2026-04-02 17:27:05] kernel: heartbeat pid=5798
[2026-04-02 17:27:10] kernel: heartbeat pid=5798
[2026-04-02 17:27:16] kernel: heartbeat pid=5798
[2026-04-02 17:27:21] kernel: heartbeat pid=5798
[2026-04-02 17:27:26] kernel: heartbeat pid=5798
[2026-04-02 17:27:31] kernel: heartbeat pid=5798
[2026-04-02 17:27:36] kernel: heartbeat pid=5798
[2026-04-02 17:27:41] kernel: heartbeat pid=5798
[2026-04-02 17:27:47] kernel: heartbeat pid=5798
[2026-04-02 17:27:52] kernel: heartbeat pid=5798
[2026-04-02 17:27:57] kernel: heartbeat pid=5798
[2026-04-02 17:28:02] kernel: heartbeat pid=5798
[2026-04-02 17:28:07] kernel: heartbeat pid=5798
[2026-04-02 17:28:12] kernel: heartbeat pid=5798
[2026-04-02 17:28:17] kernel: heartbeat pid=5798
[2026-04-02 17:28:23] kernel: heartbeat pid=5798
[2026-04-02 17:28:28] kernel: heartbeat pid=5798
[2026-04-02 17:29:01] kernel: starting
[2026-04-02 17:29:01] kernel: started pid=8701
[2026-04-02 17:29:01] kernel: heartbeat pid=8701
[2026-04-02 17:29:06] kernel: heartbeat pid=8701
[2026-04-02 17:29:11] kernel: heartbeat pid=8701
[2026-04-02 17:29:16] kernel: heartbeat pid=8701
[2026-04-02 17:29:21] kernel: heartbeat pid=8701
[2026-04-02 17:29:27] kernel: heartbeat pid=8701
[2026-04-02 17:29:32] kernel: heartbeat pid=8701
[2026-04-02 17:29:37] kernel: heartbeat pid=8701
[2026-04-02 17:29:42] kernel: heartbeat pid=8701
[2026-04-02 17:29:47] kernel: heartbeat pid=8701
[2026-04-02 17:29:52] kernel: heartbeat pid=8701
[2026-04-02 17:29:58] kernel: heartbeat pid=8701
[2026-04-02 17:30:03] kernel: heartbeat pid=8701
[2026-04-02 17:30:08] kernel: heartbeat pid=8701
[2026-04-02 17:30:13] kernel: heartbeat pid=8701
[2026-04-02 17:30:19] kernel: heartbeat pid=8701
[2026-04-02 17:30:24] kernel: heartbeat pid=8701
[2026-04-02 17:30:29] kernel: heartbeat pid=8701
[2026-04-02 17:30:34] kernel: heartbeat pid=8701
[2026-04-02 17:30:39] kernel: heartbeat pid=8701
[2026-04-02 17:30:44] kernel: heartbeat pid=8701
[2026-04-02 17:30:50] kernel: heartbeat pid=8701
[2026-04-02 17:30:55] kernel: heartbeat pid=8701
[2026-04-02 17:31:00] kernel: heartbeat pid=8701
[2026-04-02 17:31:05] kernel: heartbeat pid=8701
[2026-04-02 17:31:11] kernel: heartbeat pid=8701
[2026-04-02 17:31:16] kernel: heartbeat pid=8701
[2026-04-02 17:31:21] kernel: heartbeat pid=8701
[2026-04-02 17:31:26] kernel: heartbeat pid=8701
[2026-04-02 17:31:31] kernel: heartbeat pid=8701
[2026-04-02 17:31:37] kernel: heartbeat pid=8701
[2026-04-02 17:31:42] kernel: heartbeat pid=8701
[2026-04-02 17:31:47] kernel: heartbeat pid=8701
[2026-04-02 17:31:52] kernel: heartbeat pid=8701
[2026-04-02 17:31:57] kernel: heartbeat pid=8701
[2026-04-02 17:32:03] kernel: heartbeat pid=8701
[2026-04-02 17:32:35] kernel: starting
[2026-04-02 17:32:35] kernel: started pid=16007
[2026-04-02 17:32:35] kernel: heartbeat pid=16007
[2026-04-02 17:32:40] kernel: heartbeat pid=16007
[2026-04-02 17:32:46] kernel: heartbeat pid=16007
[2026-04-02 17:32:51] kernel: heartbeat pid=16007
[2026-04-02 17:32:56] kernel: heartbeat pid=16007
[2026-04-02 17:33:01] kernel: heartbeat pid=16007
[2026-04-02 17:33:06] kernel: heartbeat pid=16007
[2026-04-02 17:33:12] kernel: heartbeat pid=16007
[2026-04-02 17:33:17] kernel: heartbeat pid=16007
[2026-04-02 17:33:22] kernel: heartbeat pid=16007
[2026-04-02 17:33:27] kernel: heartbeat pid=16007
[2026-04-02 17:33:33] kernel: heartbeat pid=16007
[2026-04-02 17:34:00] kernel: starting
[2026-04-02 17:34:00] kernel: started pid=19828
[2026-04-02 17:34:00] kernel: heartbeat pid=19828
[2026-04-02 17:34:05] kernel: heartbeat pid=19828
[2026-04-02 17:34:11] kernel: heartbeat pid=19828
[2026-04-02 17:34:16] kernel: heartbeat pid=19828
[2026-04-02 17:34:21] kernel: heartbeat pid=19828
[2026-04-02 17:34:26] kernel: heartbeat pid=19828
[2026-04-02 17:34:31] kernel: heartbeat pid=19828
[2026-04-02 17:34:36] kernel: heartbeat pid=19828
[2026-04-02 17:34:42] kernel: heartbeat pid=19828
[2026-04-02 17:34:47] kernel: heartbeat pid=19828
[2026-04-02 17:34:52] kernel: heartbeat pid=19828
[2026-04-02 17:34:57] kernel: heartbeat pid=19828
[2026-04-02 17:35:02] kernel: heartbeat pid=19828
[2026-04-02 17:35:08] kernel: heartbeat pid=19828
[2026-04-02 17:35:13] kernel: heartbeat pid=19828
[2026-04-02 17:35:18] kernel: heartbeat pid=19828
[2026-04-02 17:35:23] kernel: heartbeat pid=19828
[2026-04-02 17:35:29] kernel: heartbeat pid=19828
[2026-04-02 17:35:34] kernel: heartbeat pid=19828
[2026-04-02 17:35:39] kernel: heartbeat pid=19828
[2026-04-02 17:35:44] kernel: heartbeat pid=19828
[2026-04-02 17:35:50] kernel: heartbeat pid=19828
[2026-04-02 17:35:55] kernel: heartbeat pid=19828
[2026-04-02 17:36:30] kernel: starting
[2026-04-02 17:36:31] kernel: started pid=23903
[2026-04-02 17:36:31] kernel: heartbeat pid=23903
[2026-04-02 17:36:36] kernel: heartbeat pid=23903
[2026-04-02 17:36:41] kernel: heartbeat pid=23903
[2026-04-02 17:36:46] kernel: heartbeat pid=23903
[2026-04-02 17:36:51] kernel: heartbeat pid=23903
[2026-04-02 17:36:57] kernel: heartbeat pid=23903
[2026-04-02 17:37:02] kernel: heartbeat pid=23903
[2026-04-02 17:37:07] kernel: heartbeat pid=23903
[2026-04-02 17:37:47] kernel: starting
[2026-04-02 17:37:48] kernel: started pid=27081
[2026-04-02 17:37:48] kernel: heartbeat pid=27081
[2026-04-02 17:37:53] kernel: heartbeat pid=27081
[2026-04-02 17:37:58] kernel: heartbeat pid=27081
[2026-04-02 17:38:03] kernel: heartbeat pid=27081
[2026-04-02 17:38:09] kernel: heartbeat pid=27081
[2026-04-02 17:38:14] kernel: heartbeat pid=27081
[2026-04-02 17:38:19] kernel: heartbeat pid=27081
[2026-04-02 17:38:46] kernel: starting
[2026-04-02 17:38:46] kernel: started pid=29475
[2026-04-02 17:38:46] kernel: heartbeat pid=29475
[2026-04-02 17:38:52] kernel: heartbeat pid=29475
[2026-04-02 17:38:57] kernel: heartbeat pid=29475
[2026-04-02 17:39:02] kernel: heartbeat pid=29475
[2026-04-02 17:39:07] kernel: heartbeat pid=29475
[2026-04-02 17:39:12] kernel: heartbeat pid=29475
[2026-04-02 17:39:18] kernel: heartbeat pid=29475
[2026-04-02 17:39:23] kernel: heartbeat pid=29475
[2026-04-02 17:39:28] kernel: heartbeat pid=29475
[2026-04-02 17:39:33] kernel: heartbeat pid=29475
[2026-04-02 17:39:38] kernel: heartbeat pid=29475
[2026-04-02 17:39:44] kernel: heartbeat pid=29475
[2026-04-02 17:39:49] kernel: heartbeat pid=29475
[2026-04-02 17:39:54] kernel: heartbeat pid=29475
[2026-04-02 17:39:59] kernel: heartbeat pid=29475
[2026-04-02 17:40:05] kernel: heartbeat pid=29475
[2026-04-02 17:40:10] kernel: heartbeat pid=29475
[2026-04-02 17:40:15] kernel: heartbeat pid=29475
[2026-04-02 17:40:20] kernel: heartbeat pid=29475
[2026-04-02 17:40:25] kernel: heartbeat pid=29475
[2026-04-02 17:40:31] kernel: heartbeat pid=29475
[2026-04-02 17:40:36] kernel: heartbeat pid=29475
[2026-04-02 17:40:41] kernel: heartbeat pid=29475
[2026-04-02 17:40:46] kernel: heartbeat pid=29475
[2026-04-02 17:40:51] kernel: heartbeat pid=29475
[2026-04-02 17:40:57] kernel: heartbeat pid=29475
[2026-04-02 17:41:02] kernel: heartbeat pid=29475
[2026-04-02 17:41:07] kernel: heartbeat pid=29475
[2026-04-02 17:41:12] kernel: heartbeat pid=29475
[2026-04-02 17:41:18] kernel: heartbeat pid=29475
[2026-04-02 17:41:23] kernel: heartbeat pid=29475
[2026-04-02 17:41:28] kernel: heartbeat pid=29475
[2026-04-02 17:41:33] kernel: heartbeat pid=29475
[2026-04-02 17:41:39] kernel: heartbeat pid=29475
[2026-04-02 17:41:44] kernel: heartbeat pid=29475
[2026-04-02 17:41:49] kernel: heartbeat pid=29475
[2026-04-02 17:41:54] kernel: heartbeat pid=29475
[2026-04-02 17:41:59] kernel: heartbeat pid=29475
[2026-04-02 17:42:04] kernel: heartbeat pid=29475
[2026-04-02 17:42:09] kernel: heartbeat pid=29475
[2026-04-02 17:42:15] kernel: heartbeat pid=29475
[2026-04-02 17:42:20] kernel: heartbeat pid=29475
[2026-04-02 17:42:25] kernel: heartbeat pid=29475
[2026-04-02 17:42:30] kernel: heartbeat pid=29475
[2026-04-02 17:42:35] kernel: heartbeat pid=29475
[2026-04-02 17:42:41] kernel: heartbeat pid=29475
[2026-04-02 17:42:46] kernel: heartbeat pid=29475
[2026-04-02 17:42:51] kernel: heartbeat pid=29475
[2026-04-02 17:42:56] kernel: heartbeat pid=29475
[2026-04-02 17:43:01] kernel: heartbeat pid=29475
[2026-04-02 17:43:06] kernel: heartbeat pid=29475
[2026-04-02 17:43:11] kernel: heartbeat pid=29475
[2026-04-02 17:43:17] kernel: heartbeat pid=29475
[2026-04-02 17:43:22] kernel: heartbeat pid=29475
[2026-04-02 17:43:27] kernel: heartbeat pid=29475
[2026-04-02 17:43:32] kernel: heartbeat pid=29475
[2026-04-02 17:43:38] kernel: heartbeat pid=29475
[2026-04-02 17:43:43] kernel: heartbeat pid=29475
[2026-04-02 17:43:48] kernel: heartbeat pid=29475
[2026-04-02 17:43:53] kernel: heartbeat pid=29475
[2026-04-02 17:43:58] kernel: heartbeat pid=29475
[2026-04-02 17:44:04] kernel: heartbeat pid=29475
[2026-04-02 17:44:09] kernel: heartbeat pid=29475
[2026-04-02 17:44:14] kernel: heartbeat pid=29475
[2026-04-02 17:44:19] kernel: heartbeat pid=29475
[2026-04-02 17:44:24] kernel: heartbeat pid=29475
[2026-04-02 17:44:30] kernel: heartbeat pid=29475
[2026-04-02 17:44:35] kernel: heartbeat pid=29475
[2026-04-02 17:44:40] kernel: heartbeat pid=29475
[2026-04-02 17:44:45] kernel: heartbeat pid=29475
[2026-04-02 17:44:51] kernel: heartbeat pid=29475
[2026-04-02 17:44:56] kernel: heartbeat pid=29475
[2026-04-02 17:45:01] kernel: heartbeat pid=29475
[2026-04-02 17:45:06] kernel: heartbeat pid=29475
[2026-04-02 17:45:11] kernel: heartbeat pid=29475
[2026-04-02 17:45:17] kernel: heartbeat pid=29475
[2026-04-02 17:45:22] kernel: heartbeat pid=29475
[2026-04-02 17:45:27] kernel: heartbeat pid=29475
[2026-04-02 17:45:32] kernel: heartbeat pid=29475
[2026-04-02 17:45:38] kernel: heartbeat pid=29475
[2026-04-02 17:45:43] kernel: heartbeat pid=29475
[2026-04-02 17:45:48] kernel: heartbeat pid=29475
[2026-04-02 17:45:53] kernel: heartbeat pid=29475
[2026-04-02 17:45:58] kernel: heartbeat pid=29475
[2026-04-02 17:46:04] kernel: heartbeat pid=29475
[2026-04-02 17:46:09] kernel: heartbeat pid=29475
[2026-04-02 17:46:14] kernel: heartbeat pid=29475
[2026-04-02 17:46:19] kernel: heartbeat pid=29475
[2026-04-02 17:46:25] kernel: heartbeat pid=29475
[2026-04-02 17:46:30] kernel: heartbeat pid=29475
[2026-04-02 17:46:35] kernel: heartbeat pid=29475
[2026-04-02 17:46:40] kernel: heartbeat pid=29475
[2026-04-02 17:46:46] kernel: heartbeat pid=29475
[2026-04-02 17:46:51] kernel: heartbeat pid=29475
[2026-04-02 17:46:56] kernel: heartbeat pid=29475
[2026-04-02 17:47:01] kernel: heartbeat pid=29475
[2026-04-02 17:47:06] kernel: heartbeat pid=29475
[2026-04-02 17:47:12] kernel: heartbeat pid=29475
[2026-04-02 17:47:17] kernel: heartbeat pid=29475
[2026-04-02 17:47:22] kernel: heartbeat pid=29475
[2026-04-02 17:47:27] kernel: heartbeat pid=29475
[2026-04-02 17:47:33] kernel: heartbeat pid=29475
[2026-04-02 17:47:38] kernel: heartbeat pid=29475
[2026-04-02 17:47:43] kernel: heartbeat pid=29475
[2026-04-02 17:47:48] kernel: heartbeat pid=29475
[2026-04-02 17:47:53] kernel: heartbeat pid=29475
[2026-04-02 17:47:59] kernel: heartbeat pid=29475
[2026-04-02 17:48:04] kernel: heartbeat pid=29475
[2026-04-02 17:48:09] kernel: heartbeat pid=29475
[2026-04-02 17:48:14] kernel: heartbeat pid=29475
[2026-04-02 17:48:20] kernel: heartbeat pid=29475
[2026-04-02 17:48:25] kernel: heartbeat pid=29475
[2026-04-02 17:48:30] kernel: heartbeat pid=29475
[2026-04-02 17:48:35] kernel: heartbeat pid=29475
[2026-04-02 17:48:40] kernel: heartbeat pid=29475
[2026-04-02 17:48:46] kernel: heartbeat pid=29475
[2026-04-02 17:48:51] kernel: heartbeat pid=29475
[2026-04-02 17:48:56] kernel: heartbeat pid=29475
[2026-04-02 17:49:01] kernel: heartbeat pid=29475
[2026-04-02 17:49:06] kernel: heartbeat pid=29475
[2026-04-02 17:49:12] kernel: heartbeat pid=29475
[2026-04-02 17:49:17] kernel: heartbeat pid=29475
[2026-04-02 17:49:22] kernel: heartbeat pid=29475
[2026-04-02 17:49:27] kernel: heartbeat pid=29475
[2026-04-02 17:49:33] kernel: heartbeat pid=29475
[2026-04-02 17:49:38] kernel: heartbeat pid=29475
[2026-04-02 17:49:43] kernel: heartbeat pid=29475
[2026-04-02 17:53:50] kernel: starting
[2026-04-02 17:53:50] kernel: started pid=12302
[2026-04-02 17:53:50] kernel: heartbeat pid=12302
[2026-04-02 17:53:56] kernel: heartbeat pid=12302
[2026-04-02 17:54:01] kernel: heartbeat pid=12302
[2026-04-02 17:54:06] kernel: heartbeat pid=12302
[2026-04-02 17:54:11] kernel: heartbeat pid=12302
[2026-04-02 17:54:16] kernel: heartbeat pid=12302
[2026-04-02 17:54:21] kernel: heartbeat pid=12302
[2026-04-02 17:54:27] kernel: heartbeat pid=12302
[2026-04-02 17:54:32] kernel: heartbeat pid=12302
[2026-04-02 17:54:37] kernel: heartbeat pid=12302
[2026-04-02 17:54:42] kernel: heartbeat pid=12302
[2026-04-02 17:54:47] kernel: heartbeat pid=12302
[2026-04-02 17:54:52] kernel: heartbeat pid=12302
[2026-04-02 17:54:58] kernel: heartbeat pid=12302
[2026-04-02 17:55:03] kernel: heartbeat pid=12302
[2026-04-02 17:55:08] kernel: heartbeat pid=12302
[2026-04-02 17:55:13] kernel: heartbeat pid=12302
[2026-04-02 17:55:19] kernel: heartbeat pid=12302
[2026-04-02 17:55:24] kernel: heartbeat pid=12302
[2026-04-02 17:55:29] kernel: heartbeat pid=12302
[2026-04-02 17:55:34] kernel: heartbeat pid=12302
[2026-04-02 17:55:39] kernel: heartbeat pid=12302
[2026-04-02 17:55:45] kernel: heartbeat pid=12302
[2026-04-02 17:55:50] kernel: heartbeat pid=12302
[2026-04-02 17:55:55] kernel: heartbeat pid=12302
[2026-04-02 17:55:58] kernel: starting
[2026-04-02 17:55:58] kernel: started pid=14011
[2026-04-02 17:55:58] kernel: heartbeat pid=14011
[2026-04-02 17:56:00] kernel: heartbeat pid=12302
[2026-04-02 17:56:04] kernel: heartbeat pid=14011
[2026-04-02 17:56:05] kernel: heartbeat pid=12302
[2026-04-02 17:56:09] kernel: heartbeat pid=14011
[2026-04-02 17:56:10] kernel: heartbeat pid=12302
[2026-04-02 17:56:14] kernel: heartbeat pid=14011
[2026-04-02 17:56:16] kernel: heartbeat pid=12302
[2026-04-02 17:56:19] kernel: heartbeat pid=14011
[2026-04-02 17:56:21] kernel: heartbeat pid=12302
[2026-04-02 17:56:24] kernel: heartbeat pid=14011
[2026-04-02 17:56:26] kernel: heartbeat pid=12302
[2026-04-02 17:56:29] kernel: heartbeat pid=14011
[2026-04-02 17:56:31] kernel: heartbeat pid=12302
[2026-04-02 17:56:35] kernel: heartbeat pid=14011
[2026-04-02 17:56:36] kernel: heartbeat pid=12302
[2026-04-02 17:56:40] kernel: heartbeat pid=14011
[2026-04-02 17:56:41] kernel: heartbeat pid=12302
[2026-04-02 17:56:45] kernel: heartbeat pid=14011
[2026-04-02 17:56:47] kernel: heartbeat pid=12302
[2026-04-02 17:56:50] kernel: heartbeat pid=14011
[2026-04-02 17:56:52] kernel: heartbeat pid=12302
[2026-04-02 17:56:55] kernel: heartbeat pid=14011
[2026-04-02 17:56:57] kernel: heartbeat pid=12302
[2026-04-02 17:57:01] kernel: heartbeat pid=14011
[2026-04-02 17:57:02] kernel: heartbeat pid=12302
[2026-04-02 17:57:06] kernel: heartbeat pid=14011
[2026-04-02 17:57:08] kernel: heartbeat pid=12302
[2026-04-02 17:57:11] kernel: heartbeat pid=14011
[2026-04-02 17:57:13] kernel: heartbeat pid=12302
[2026-04-02 17:57:16] kernel: heartbeat pid=14011
[2026-04-02 17:57:18] kernel: heartbeat pid=12302
[2026-04-02 17:57:21] kernel: heartbeat pid=14011
[2026-04-02 17:57:23] kernel: heartbeat pid=12302
[2026-04-02 17:57:26] kernel: heartbeat pid=14011
[2026-04-02 17:57:28] kernel: heartbeat pid=12302
[2026-04-02 17:57:32] kernel: heartbeat pid=14011
[2026-04-02 17:57:34] kernel: heartbeat pid=12302
[2026-04-02 17:57:37] kernel: heartbeat pid=14011
[2026-04-02 17:57:39] kernel: heartbeat pid=12302
[2026-04-02 17:57:42] kernel: heartbeat pid=14011
[2026-04-02 17:57:44] kernel: heartbeat pid=12302
[2026-04-02 17:57:47] kernel: heartbeat pid=14011
[2026-04-02 17:57:49] kernel: heartbeat pid=12302
[2026-04-02 17:57:52] kernel: heartbeat pid=14011
[2026-04-02 17:57:54] kernel: heartbeat pid=12302
[2026-04-02 17:57:57] kernel: heartbeat pid=14011
[2026-04-02 17:58:00] kernel: heartbeat pid=12302
[2026-04-02 17:58:03] kernel: heartbeat pid=14011
[2026-04-02 17:58:05] kernel: heartbeat pid=12302
[2026-04-02 17:58:08] kernel: heartbeat pid=14011
[2026-04-02 17:58:10] kernel: heartbeat pid=12302
[2026-04-02 17:58:13] kernel: heartbeat pid=14011
[2026-04-02 17:58:15] kernel: heartbeat pid=12302
[2026-04-02 17:58:18] kernel: heartbeat pid=14011
[2026-04-02 17:58:20] kernel: heartbeat pid=12302
[2026-04-02 17:58:23] kernel: heartbeat pid=14011
[2026-04-02 17:58:26] kernel: heartbeat pid=12302
[2026-04-02 17:58:29] kernel: heartbeat pid=14011
[2026-04-02 17:58:31] kernel: heartbeat pid=12302
[2026-04-02 17:58:34] kernel: heartbeat pid=14011
[2026-04-02 17:58:36] kernel: heartbeat pid=12302
[2026-04-02 17:58:39] kernel: heartbeat pid=14011
[2026-04-02 17:58:41] kernel: heartbeat pid=12302
[2026-04-02 17:58:44] kernel: heartbeat pid=14011
[2026-04-02 17:58:46] kernel: heartbeat pid=12302
[2026-04-02 17:58:49] kernel: heartbeat pid=14011
[2026-04-02 17:58:52] kernel: heartbeat pid=12302
[2026-04-02 17:58:55] kernel: heartbeat pid=14011
[2026-04-02 17:58:57] kernel: heartbeat pid=12302
[2026-04-02 17:59:00] kernel: heartbeat pid=14011
[2026-04-02 17:59:02] kernel: heartbeat pid=12302
[2026-04-02 17:59:05] kernel: heartbeat pid=14011
[2026-04-02 17:59:07] kernel: heartbeat pid=12302
[2026-04-02 17:59:10] kernel: heartbeat pid=14011
[2026-04-02 17:59:13] kernel: heartbeat pid=12302
[2026-04-02 17:59:15] kernel: heartbeat pid=14011
[2026-04-02 17:59:18] kernel: heartbeat pid=12302
[2026-04-02 17:59:21] kernel: heartbeat pid=14011
[2026-04-02 17:59:23] kernel: heartbeat pid=12302
[2026-04-02 17:59:26] kernel: heartbeat pid=14011
[2026-04-02 17:59:28] kernel: heartbeat pid=12302
[2026-04-02 17:59:31] kernel: heartbeat pid=14011
[2026-04-02 17:59:33] kernel: heartbeat pid=12302
[2026-04-02 17:59:36] kernel: heartbeat pid=14011
[2026-04-02 17:59:39] kernel: heartbeat pid=12302
[2026-04-02 17:59:42] kernel: heartbeat pid=14011
[2026-04-02 17:59:44] kernel: heartbeat pid=12302
[2026-04-02 17:59:47] kernel: heartbeat pid=14011
[2026-04-02 17:59:49] kernel: heartbeat pid=12302
[2026-04-02 17:59:52] kernel: heartbeat pid=14011
[2026-04-02 17:59:54] kernel: heartbeat pid=12302
[2026-04-02 17:59:57] kernel: heartbeat pid=14011
[2026-04-02 18:00:00] kernel: heartbeat pid=12302
[2026-04-02 18:00:02] kernel: heartbeat pid=14011
[2026-04-02 18:00:05] kernel: heartbeat pid=12302
[2026-04-02 18:00:08] kernel: heartbeat pid=14011
[2026-04-02 18:00:10] kernel: heartbeat pid=12302
[2026-04-02 18:00:13] kernel: heartbeat pid=14011
[2026-04-02 18:00:15] kernel: heartbeat pid=12302
[2026-04-02 18:00:18] kernel: heartbeat pid=14011
[2026-04-02 18:00:20] kernel: heartbeat pid=12302
[2026-04-02 18:00:23] kernel: heartbeat pid=14011
[2026-04-02 18:00:25] kernel: heartbeat pid=12302
[2026-04-02 18:00:28] kernel: heartbeat pid=14011
[2026-04-02 18:00:31] kernel: heartbeat pid=12302
[2026-04-02 18:00:33] kernel: heartbeat pid=14011
[2026-04-02 18:00:36] kernel: heartbeat pid=12302
[2026-04-02 18:00:39] kernel: heartbeat pid=14011
[2026-04-02 18:00:41] kernel: heartbeat pid=12302
[2026-04-02 18:00:44] kernel: heartbeat pid=14011
[2026-04-02 18:00:46] kernel: heartbeat pid=12302
[2026-04-02 18:00:49] kernel: heartbeat pid=14011
[2026-04-02 18:00:51] kernel: heartbeat pid=12302
[2026-04-02 18:00:54] kernel: heartbeat pid=14011
[2026-04-02 18:00:56] kernel: heartbeat pid=12302
[2026-04-02 18:00:59] kernel: heartbeat pid=14011
[2026-04-02 18:01:01] kernel: heartbeat pid=12302
[2026-04-02 18:01:04] kernel: heartbeat pid=14011
[2026-04-02 18:01:07] kernel: heartbeat pid=12302
[2026-04-02 18:01:10] kernel: heartbeat pid=14011
[2026-04-02 18:01:12] kernel: heartbeat pid=12302
[2026-04-02 18:01:15] kernel: heartbeat pid=14011
[2026-04-02 18:01:17] kernel: heartbeat pid=12302
[2026-04-02 18:01:20] kernel: heartbeat pid=14011
[2026-04-02 18:01:22] kernel: heartbeat pid=12302
[2026-04-02 18:01:25] kernel: heartbeat pid=14011
[2026-04-02 18:01:27] kernel: heartbeat pid=12302
[2026-04-02 18:01:31] kernel: heartbeat pid=14011
[2026-04-02 18:01:33] kernel: heartbeat pid=12302
[2026-04-02 18:01:36] kernel: heartbeat pid=14011
[2026-04-02 18:01:38] kernel: heartbeat pid=12302
[2026-04-02 18:01:41] kernel: heartbeat pid=14011
[2026-04-02 18:01:43] kernel: heartbeat pid=12302
[2026-04-02 18:01:46] kernel: heartbeat pid=14011
[2026-04-02 18:01:48] kernel: heartbeat pid=12302
[2026-04-02 18:01:51] kernel: heartbeat pid=14011
[2026-04-02 18:01:54] kernel: heartbeat pid=12302
[2026-04-02 18:01:56] kernel: heartbeat pid=14011
[2026-04-02 18:01:59] kernel: heartbeat pid=12302
[2026-04-02 18:02:02] kernel: heartbeat pid=14011
[2026-04-02 18:02:04] kernel: heartbeat pid=12302
[2026-04-02 18:02:07] kernel: heartbeat pid=14011
[2026-04-02 18:02:09] kernel: heartbeat pid=12302
[2026-04-02 18:02:12] kernel: heartbeat pid=14011
[2026-04-02 18:02:15] kernel: heartbeat pid=12302
[2026-04-02 18:02:17] kernel: heartbeat pid=14011
[2026-04-02 18:02:20] kernel: heartbeat pid=12302
[2026-04-02 18:02:22] kernel: heartbeat pid=14011
[2026-04-02 18:02:25] kernel: heartbeat pid=12302
[2026-04-02 18:02:28] kernel: heartbeat pid=14011
[2026-04-02 18:02:30] kernel: heartbeat pid=12302
[2026-04-02 18:02:33] kernel: heartbeat pid=14011
[2026-04-02 18:02:35] kernel: heartbeat pid=12302
[2026-04-02 18:02:38] kernel: heartbeat pid=14011
[2026-04-02 18:02:40] kernel: heartbeat pid=12302
[2026-04-02 18:02:43] kernel: heartbeat pid=14011
[2026-04-02 18:02:46] kernel: heartbeat pid=12302
[2026-04-02 18:02:48] kernel: heartbeat pid=14011
[2026-04-02 18:02:51] kernel: heartbeat pid=12302
[2026-04-02 18:02:54] kernel: heartbeat pid=14011
[2026-04-02 18:02:56] kernel: heartbeat pid=12302
[2026-04-02 18:02:59] kernel: heartbeat pid=14011
[2026-04-02 18:03:01] kernel: heartbeat pid=12302
[2026-04-02 18:03:04] kernel: heartbeat pid=14011
[2026-04-02 18:03:07] kernel: heartbeat pid=12302
[2026-04-02 18:03:09] kernel: heartbeat pid=14011
[2026-04-02 18:03:12] kernel: heartbeat pid=12302
[2026-04-02 18:03:14] kernel: heartbeat pid=14011
[2026-04-02 18:03:17] kernel: heartbeat pid=12302
[2026-04-02 18:03:20] kernel: heartbeat pid=14011
[2026-04-02 18:03:22] kernel: heartbeat pid=12302
[2026-04-02 18:03:25] kernel: heartbeat pid=14011
[2026-04-02 18:03:28] kernel: heartbeat pid=12302
[2026-04-02 18:03:30] kernel: heartbeat pid=14011
[2026-04-02 18:03:33] kernel: heartbeat pid=12302
[2026-04-02 18:03:35] kernel: heartbeat pid=14011
[2026-04-02 18:03:38] kernel: heartbeat pid=12302
[2026-04-02 18:03:40] kernel: heartbeat pid=14011
[2026-04-02 18:03:43] kernel: heartbeat pid=12302
[2026-04-02 18:03:45] kernel: heartbeat pid=14011
[2026-04-02 18:03:48] kernel: heartbeat pid=12302
[2026-04-02 18:03:51] kernel: heartbeat pid=14011
[2026-04-02 18:03:53] kernel: heartbeat pid=12302
[2026-04-02 18:03:56] kernel: heartbeat pid=14011
[2026-04-02 18:03:58] kernel: heartbeat pid=12302
[2026-04-02 18:04:01] kernel: heartbeat pid=14011
[2026-04-02 18:04:04] kernel: heartbeat pid=12302
[2026-04-02 18:04:06] kernel: heartbeat pid=14011
[2026-04-02 18:04:09] kernel: heartbeat pid=12302
[2026-04-02 18:04:12] kernel: heartbeat pid=14011
[2026-04-02 18:04:14] kernel: heartbeat pid=12302
[2026-04-02 18:04:17] kernel: heartbeat pid=14011
[2026-04-02 18:04:19] kernel: heartbeat pid=12302
[2026-04-02 18:04:22] kernel: heartbeat pid=14011
[2026-04-02 18:04:24] kernel: heartbeat pid=12302
[2026-04-02 18:04:27] kernel: heartbeat pid=14011
[2026-04-02 18:04:30] kernel: heartbeat pid=12302
[2026-04-02 18:04:32] kernel: heartbeat pid=14011
[2026-04-02 18:04:35] kernel: heartbeat pid=12302
[2026-04-02 18:04:37] kernel: heartbeat pid=14011
[2026-04-02 18:04:40] kernel: heartbeat pid=12302
[2026-04-02 18:04:43] kernel: heartbeat pid=14011
[2026-04-02 18:04:45] kernel: heartbeat pid=12302
[2026-04-02 18:04:48] kernel: heartbeat pid=14011
[2026-04-02 18:04:50] kernel: heartbeat pid=12302
[2026-04-02 18:04:53] kernel: heartbeat pid=14011
[2026-04-02 18:04:56] kernel: heartbeat pid=12302
[2026-04-02 18:04:58] kernel: heartbeat pid=14011
[2026-04-02 18:05:01] kernel: heartbeat pid=12302
[2026-04-02 18:05:03] kernel: heartbeat pid=14011
[2026-04-02 18:05:06] kernel: heartbeat pid=12302
[2026-04-02 18:05:09] kernel: heartbeat pid=14011
[2026-04-02 18:05:12] kernel: heartbeat pid=12302
[2026-04-02 18:05:14] kernel: heartbeat pid=14011
[2026-04-02 18:05:17] kernel: heartbeat pid=12302
[2026-04-02 18:05:19] kernel: heartbeat pid=14011
[2026-04-02 18:05:22] kernel: heartbeat pid=12302
[2026-04-02 18:05:24] kernel: heartbeat pid=14011
[2026-04-02 18:05:27] kernel: heartbeat pid=12302
[2026-04-02 18:05:30] kernel: heartbeat pid=14011
[2026-04-02 18:05:33] kernel: heartbeat pid=12302
[2026-04-02 18:05:35] kernel: heartbeat pid=14011
[2026-04-02 18:05:38] kernel: heartbeat pid=12302
[2026-04-02 18:05:40] kernel: heartbeat pid=14011
[2026-04-02 18:05:43] kernel: heartbeat pid=12302
[2026-04-02 18:05:46] kernel: heartbeat pid=14011
[2026-04-02 18:05:49] kernel: heartbeat pid=12302
[2026-04-02 18:05:51] kernel: heartbeat pid=14011
[2026-04-02 18:05:54] kernel: heartbeat pid=12302
[2026-04-02 18:05:56] kernel: heartbeat pid=14011
[2026-04-02 18:05:59] kernel: heartbeat pid=12302
[2026-04-02 18:06:01] kernel: heartbeat pid=14011
[2026-04-02 18:06:04] kernel: heartbeat pid=12302
[2026-04-02 18:06:07] kernel: heartbeat pid=14011
[2026-04-02 18:06:10] kernel: heartbeat pid=12302
[2026-04-02 18:06:12] kernel: heartbeat pid=14011
[2026-04-02 18:06:15] kernel: heartbeat pid=12302
[2026-04-02 18:06:17] kernel: heartbeat pid=14011
[2026-04-02 18:06:20] kernel: heartbeat pid=12302
[2026-04-02 18:06:22] kernel: heartbeat pid=14011
[2026-04-02 18:06:26] kernel: heartbeat pid=12302
[2026-04-02 18:06:28] kernel: heartbeat pid=14011
[2026-04-02 18:06:31] kernel: heartbeat pid=12302
[2026-04-02 18:06:33] kernel: heartbeat pid=14011
[2026-04-02 18:06:36] kernel: heartbeat pid=12302
[2026-04-02 18:06:38] kernel: heartbeat pid=14011
[2026-04-02 18:06:41] kernel: heartbeat pid=12302
[2026-04-02 18:06:43] kernel: heartbeat pid=14011
[2026-04-02 18:06:47] kernel: heartbeat pid=12302
[2026-04-02 18:06:49] kernel: heartbeat pid=14011
[2026-04-02 18:06:52] kernel: heartbeat pid=12302
[2026-04-02 18:06:54] kernel: heartbeat pid=14011
[2026-04-02 18:06:57] kernel: heartbeat pid=12302
[2026-04-02 18:06:59] kernel: heartbeat pid=14011
[2026-04-02 18:07:02] kernel: heartbeat pid=12302
[2026-04-02 18:07:05] kernel: heartbeat pid=14011
[2026-04-02 18:07:08] kernel: heartbeat pid=12302
[2026-04-02 18:07:10] kernel: heartbeat pid=14011
[2026-04-02 18:07:13] kernel: heartbeat pid=12302
[2026-04-02 18:07:15] kernel: heartbeat pid=14011
[2026-04-02 18:07:18] kernel: heartbeat pid=12302
[2026-04-02 18:07:20] kernel: heartbeat pid=14011
[2026-04-02 18:07:24] kernel: heartbeat pid=12302
[2026-04-02 18:07:26] kernel: heartbeat pid=14011
[2026-04-02 18:07:29] kernel: heartbeat pid=12302
[2026-04-02 18:07:31] kernel: heartbeat pid=14011
[2026-04-02 18:07:34] kernel: heartbeat pid=12302
[2026-04-02 18:07:36] kernel: heartbeat pid=14011
[2026-04-02 18:07:39] kernel: heartbeat pid=12302
[2026-04-02 18:07:41] kernel: heartbeat pid=14011
[2026-04-02 18:07:45] kernel: heartbeat pid=12302
[2026-04-02 18:07:47] kernel: heartbeat pid=14011
[2026-04-02 18:07:50] kernel: heartbeat pid=12302
[2026-04-02 18:07:52] kernel: heartbeat pid=14011
[2026-04-02 18:07:55] kernel: heartbeat pid=12302
[2026-04-02 18:07:57] kernel: heartbeat pid=14011
[2026-04-02 18:08:01] kernel: heartbeat pid=12302
[2026-04-02 18:08:03] kernel: heartbeat pid=14011
[2026-04-02 18:08:06] kernel: heartbeat pid=12302
[2026-04-02 18:08:08] kernel: heartbeat pid=14011
[2026-04-02 18:08:11] kernel: heartbeat pid=12302
[2026-04-02 18:08:13] kernel: heartbeat pid=14011
[2026-04-02 18:08:16] kernel: heartbeat pid=12302
[2026-04-02 18:08:18] kernel: heartbeat pid=14011
[2026-04-02 18:08:22] kernel: heartbeat pid=12302
[2026-04-02 18:08:24] kernel: heartbeat pid=14011
[2026-04-02 18:08:27] kernel: heartbeat pid=12302
[2026-04-02 18:08:29] kernel: heartbeat pid=14011
[2026-04-02 18:08:32] kernel: heartbeat pid=12302
[2026-04-02 18:08:34] kernel: heartbeat pid=14011
[2026-04-02 18:08:37] kernel: heartbeat pid=12302
[2026-04-02 18:08:40] kernel: heartbeat pid=14011
[2026-04-02 18:08:43] kernel: heartbeat pid=12302
[2026-04-02 18:08:45] kernel: heartbeat pid=14011
[2026-04-02 18:08:48] kernel: heartbeat pid=12302
[2026-04-02 18:08:50] kernel: heartbeat pid=14011
[2026-04-02 18:08:53] kernel: heartbeat pid=12302
[2026-04-02 18:08:55] kernel: heartbeat pid=14011
[2026-04-02 18:08:58] kernel: heartbeat pid=12302
[2026-04-02 18:09:01] kernel: heartbeat pid=14011
[2026-04-02 18:09:04] kernel: heartbeat pid=12302
[2026-04-02 18:09:06] kernel: heartbeat pid=14011
[2026-04-02 18:09:09] kernel: heartbeat pid=12302
[2026-04-02 18:09:11] kernel: heartbeat pid=14011
[2026-04-02 18:09:14] kernel: heartbeat pid=12302
[2026-04-02 18:09:16] kernel: heartbeat pid=14011
[2026-04-02 18:09:20] kernel: heartbeat pid=12302
[2026-04-02 18:09:22] kernel: heartbeat pid=14011
[2026-04-02 18:09:25] kernel: heartbeat pid=12302
[2026-04-02 18:09:27] kernel: heartbeat pid=14011
[2026-04-02 18:09:30] kernel: heartbeat pid=12302
[2026-04-02 18:09:32] kernel: heartbeat pid=14011
[2026-04-02 18:09:35] kernel: heartbeat pid=12302
[2026-04-02 18:09:37] kernel: heartbeat pid=14011
[2026-04-02 18:09:41] kernel: heartbeat pid=12302
[2026-04-02 18:09:43] kernel: heartbeat pid=14011
[2026-04-02 18:09:46] kernel: heartbeat pid=12302
[2026-04-02 18:09:48] kernel: heartbeat pid=14011
[2026-04-02 18:09:51] kernel: heartbeat pid=12302
[2026-04-02 18:09:53] kernel: heartbeat pid=14011
[2026-04-02 18:09:56] kernel: heartbeat pid=12302
[2026-04-02 18:09:59] kernel: heartbeat pid=14011
[2026-04-02 18:10:02] kernel: heartbeat pid=12302
[2026-04-02 18:10:04] kernel: heartbeat pid=14011
[2026-04-02 18:10:07] kernel: heartbeat pid=12302
[2026-04-02 18:10:09] kernel: heartbeat pid=14011
[2026-04-02 18:10:12] kernel: heartbeat pid=12302
[2026-04-02 18:10:14] kernel: heartbeat pid=14011
[2026-04-02 18:10:18] kernel: heartbeat pid=12302
[2026-04-02 18:10:20] kernel: heartbeat pid=14011
[2026-04-02 18:10:23] kernel: heartbeat pid=12302
[2026-04-02 18:10:25] kernel: heartbeat pid=14011
[2026-04-02 18:10:28] kernel: heartbeat pid=12302
[2026-04-02 18:10:30] kernel: heartbeat pid=14011
[2026-04-02 18:10:33] kernel: heartbeat pid=12302
[2026-04-02 18:10:35] kernel: heartbeat pid=14011
[2026-04-02 18:10:38] kernel: heartbeat pid=12302
[2026-04-02 18:10:41] kernel: heartbeat pid=14011
[2026-04-02 18:10:44] kernel: heartbeat pid=12302
[2026-04-02 18:10:46] kernel: heartbeat pid=14011
[2026-04-02 18:10:49] kernel: heartbeat pid=12302
[2026-04-02 18:10:51] kernel: heartbeat pid=14011
[2026-04-02 18:10:54] kernel: heartbeat pid=12302
[2026-04-02 18:10:56] kernel: heartbeat pid=14011
[2026-04-02 18:10:59] kernel: heartbeat pid=12302
[2026-04-02 18:11:02] kernel: heartbeat pid=14011
[2026-04-02 18:11:05] kernel: heartbeat pid=12302
[2026-04-02 18:11:07] kernel: heartbeat pid=14011
[2026-04-02 18:11:10] kernel: heartbeat pid=12302
[2026-04-02 18:11:12] kernel: heartbeat pid=14011
[2026-04-02 18:11:15] kernel: heartbeat pid=12302
[2026-04-02 18:11:17] kernel: heartbeat pid=14011
[2026-04-02 18:11:20] kernel: heartbeat pid=12302
[2026-04-02 18:11:23] kernel: heartbeat pid=14011
[2026-04-02 18:11:26] kernel: heartbeat pid=12302
[2026-04-02 18:11:28] kernel: heartbeat pid=14011
[2026-04-02 18:11:31] kernel: heartbeat pid=12302
[2026-04-02 18:11:33] kernel: heartbeat pid=14011
[2026-04-02 18:11:36] kernel: heartbeat pid=12302
[2026-04-02 18:11:39] kernel: heartbeat pid=14011
[2026-04-02 18:11:42] kernel: heartbeat pid=12302
[2026-04-02 18:11:44] kernel: heartbeat pid=14011
[2026-04-02 18:11:47] kernel: heartbeat pid=12302
[2026-04-02 18:11:49] kernel: heartbeat pid=14011
[2026-04-02 18:11:52] kernel: heartbeat pid=12302
[2026-04-02 18:11:54] kernel: heartbeat pid=14011
[2026-04-02 18:11:58] kernel: heartbeat pid=12302
[2026-04-02 18:12:00] kernel: heartbeat pid=14011
[2026-04-02 18:12:03] kernel: heartbeat pid=12302
[2026-04-02 18:12:05] kernel: heartbeat pid=14011
[2026-04-02 18:12:08] kernel: heartbeat pid=12302
[2026-04-02 18:12:10] kernel: heartbeat pid=14011
[2026-04-02 18:12:13] kernel: heartbeat pid=12302
[2026-04-02 18:12:16] kernel: heartbeat pid=14011
[2026-04-02 18:12:19] kernel: heartbeat pid=12302
[2026-04-02 18:12:21] kernel: heartbeat pid=14011
[2026-04-02 18:12:24] kernel: heartbeat pid=12302
[2026-04-02 18:12:26] kernel: heartbeat pid=14011
[2026-04-02 18:12:29] kernel: heartbeat pid=12302
[2026-04-02 18:12:31] kernel: heartbeat pid=14011
[2026-04-02 18:12:34] kernel: heartbeat pid=12302
[2026-04-02 18:12:36] kernel: heartbeat pid=14011
[2026-04-02 18:12:39] kernel: heartbeat pid=12302
[2026-04-02 18:12:41] kernel: heartbeat pid=14011
[2026-04-02 18:12:44] kernel: heartbeat pid=12302
[2026-04-02 18:12:46] kernel: heartbeat pid=14011
[2026-04-02 18:12:49] kernel: heartbeat pid=12302
[2026-04-02 18:12:52] kernel: heartbeat pid=14011
[2026-04-02 18:12:55] kernel: heartbeat pid=12302
[2026-04-02 18:12:57] kernel: heartbeat pid=14011
[2026-04-02 18:13:00] kernel: heartbeat pid=12302
[2026-04-02 18:13:02] kernel: heartbeat pid=14011
[2026-04-02 18:13:05] kernel: heartbeat pid=12302
[2026-04-02 18:13:07] kernel: heartbeat pid=14011
[2026-04-02 18:13:10] kernel: heartbeat pid=12302
[2026-04-02 18:13:12] kernel: heartbeat pid=14011
[2026-04-02 18:13:15] kernel: heartbeat pid=12302
[2026-04-02 18:13:17] kernel: heartbeat pid=14011
[2026-04-02 18:13:21] kernel: heartbeat pid=12302
[2026-04-02 18:13:23] kernel: heartbeat pid=14011
[2026-04-02 18:13:26] kernel: heartbeat pid=12302
[2026-04-02 18:13:28] kernel: heartbeat pid=14011
[2026-04-02 18:13:31] kernel: heartbeat pid=12302
[2026-04-02 18:13:33] kernel: heartbeat pid=14011
[2026-04-02 18:13:36] kernel: heartbeat pid=12302
[2026-04-02 18:13:38] kernel: heartbeat pid=14011
[2026-04-02 18:13:41] kernel: heartbeat pid=12302
[2026-04-02 18:13:43] kernel: heartbeat pid=14011
[2026-04-02 18:13:46] kernel: heartbeat pid=12302
[2026-04-02 18:13:48] kernel: heartbeat pid=14011
[2026-04-02 18:13:51] kernel: heartbeat pid=12302
[2026-04-02 18:13:53] kernel: heartbeat pid=14011
[2026-04-02 18:13:56] kernel: heartbeat pid=12302
[2026-04-02 18:13:59] kernel: heartbeat pid=14011
[2026-04-02 18:14:02] kernel: heartbeat pid=12302
[2026-04-02 18:14:04] kernel: heartbeat pid=14011
[2026-04-02 18:14:07] kernel: heartbeat pid=12302
[2026-04-02 18:14:09] kernel: heartbeat pid=14011
[2026-04-02 18:14:12] kernel: heartbeat pid=12302
[2026-04-02 18:14:14] kernel: heartbeat pid=14011
[2026-04-02 18:14:17] kernel: heartbeat pid=12302
[2026-04-02 18:14:19] kernel: heartbeat pid=14011
[2026-04-02 18:14:22] kernel: heartbeat pid=12302
[2026-04-02 18:14:24] kernel: heartbeat pid=14011
[2026-04-02 18:14:27] kernel: heartbeat pid=12302
[2026-04-02 18:14:29] kernel: heartbeat pid=14011
[2026-04-02 18:14:32] kernel: heartbeat pid=12302
[2026-04-02 18:14:35] kernel: heartbeat pid=14011
[2026-04-02 18:14:38] kernel: heartbeat pid=12302
[2026-04-02 18:14:40] kernel: heartbeat pid=14011
[2026-04-02 18:14:43] kernel: heartbeat pid=12302
[2026-04-02 18:14:45] kernel: heartbeat pid=14011
[2026-04-02 18:14:48] kernel: heartbeat pid=12302
[2026-04-02 18:14:50] kernel: heartbeat pid=14011
[2026-04-02 18:14:53] kernel: heartbeat pid=12302
[2026-04-02 18:14:55] kernel: heartbeat pid=14011
[2026-04-02 18:14:58] kernel: heartbeat pid=12302
[2026-04-02 18:15:01] kernel: heartbeat pid=14011
[2026-04-02 18:15:04] kernel: heartbeat pid=12302
[2026-04-02 18:15:06] kernel: heartbeat pid=14011
[2026-04-02 18:15:09] kernel: heartbeat pid=12302
[2026-04-02 18:15:11] kernel: heartbeat pid=14011
[2026-04-02 18:15:14] kernel: heartbeat pid=12302
[2026-04-02 18:15:16] kernel: heartbeat pid=14011
[2026-04-02 18:15:19] kernel: heartbeat pid=12302
[2026-04-02 18:15:21] kernel: heartbeat pid=14011
[2026-04-02 18:15:25] kernel: heartbeat pid=12302
[2026-04-02 18:15:26] kernel: heartbeat pid=14011
[2026-04-02 18:15:30] kernel: heartbeat pid=12302
[2026-04-02 18:15:32] kernel: heartbeat pid=14011
[2026-04-02 18:15:35] kernel: heartbeat pid=12302
[2026-04-02 18:15:37] kernel: heartbeat pid=14011
[2026-04-02 18:15:40] kernel: heartbeat pid=12302
[2026-04-02 18:15:42] kernel: heartbeat pid=14011
[2026-04-02 18:15:45] kernel: heartbeat pid=12302
[2026-04-02 18:15:47] kernel: heartbeat pid=14011
[2026-04-02 18:15:50] kernel: heartbeat pid=12302
[2026-04-02 18:15:52] kernel: heartbeat pid=14011
[2026-04-02 18:15:55] kernel: heartbeat pid=12302
[2026-04-02 18:15:57] kernel: heartbeat pid=14011
[2026-04-02 18:16:01] kernel: heartbeat pid=12302
[2026-04-02 18:16:02] kernel: heartbeat pid=14011
[2026-04-02 18:16:06] kernel: heartbeat pid=12302
[2026-04-02 18:16:08] kernel: heartbeat pid=14011
[2026-04-02 18:16:11] kernel: heartbeat pid=12302
[2026-04-02 18:16:13] kernel: heartbeat pid=14011
[2026-04-02 18:16:16] kernel: heartbeat pid=12302
[2026-04-02 18:16:18] kernel: heartbeat pid=14011
[2026-04-02 18:16:21] kernel: heartbeat pid=12302
[2026-04-02 18:16:23] kernel: heartbeat pid=14011
[2026-04-02 18:16:27] kernel: heartbeat pid=12302
[2026-04-02 18:16:28] kernel: heartbeat pid=14011
[2026-04-02 18:16:32] kernel: heartbeat pid=12302
[2026-04-02 18:16:34] kernel: heartbeat pid=14011
[2026-04-02 18:16:37] kernel: heartbeat pid=12302
[2026-04-02 18:16:39] kernel: heartbeat pid=14011
[2026-04-02 18:16:42] kernel: heartbeat pid=12302
[2026-04-02 18:16:44] kernel: heartbeat pid=14011
[2026-04-02 18:16:47] kernel: heartbeat pid=12302
[2026-04-02 18:16:49] kernel: heartbeat pid=14011
[2026-04-02 18:16:52] kernel: heartbeat pid=12302
[2026-04-02 18:16:54] kernel: heartbeat pid=14011
[2026-04-02 18:16:58] kernel: heartbeat pid=12302
[2026-04-02 18:16:59] kernel: heartbeat pid=14011
[2026-04-02 18:17:03] kernel: heartbeat pid=12302
[2026-04-02 18:17:04] kernel: heartbeat pid=14011
[2026-04-02 18:17:08] kernel: heartbeat pid=12302
[2026-04-02 18:17:10] kernel: heartbeat pid=14011
[2026-04-02 18:17:13] kernel: heartbeat pid=12302
[2026-04-02 18:17:15] kernel: heartbeat pid=14011
[2026-04-02 18:17:18] kernel: heartbeat pid=12302
[2026-04-02 18:17:20] kernel: heartbeat pid=14011
[2026-04-02 18:17:24] kernel: heartbeat pid=12302
[2026-04-02 18:17:25] kernel: heartbeat pid=14011
[2026-04-02 18:17:29] kernel: heartbeat pid=12302
[2026-04-02 18:17:31] kernel: heartbeat pid=14011
[2026-04-02 18:17:34] kernel: heartbeat pid=12302
[2026-04-02 18:17:36] kernel: heartbeat pid=14011
[2026-04-02 18:17:39] kernel: heartbeat pid=12302
[2026-04-02 18:17:41] kernel: heartbeat pid=14011
[2026-04-02 18:17:44] kernel: heartbeat pid=12302
[2026-04-02 18:17:46] kernel: heartbeat pid=14011
[2026-04-02 18:17:50] kernel: heartbeat pid=12302
[2026-04-02 18:17:51] kernel: heartbeat pid=14011
[2026-04-02 18:17:55] kernel: heartbeat pid=12302
[2026-04-02 18:17:56] kernel: heartbeat pid=14011
[2026-04-02 18:18:00] kernel: heartbeat pid=12302
[2026-04-02 18:18:02] kernel: heartbeat pid=14011
[2026-04-02 18:18:05] kernel: heartbeat pid=12302
[2026-04-02 18:18:07] kernel: heartbeat pid=14011
[2026-04-02 18:18:11] kernel: heartbeat pid=12302
[2026-04-02 18:18:12] kernel: heartbeat pid=14011
[2026-04-02 18:18:16] kernel: heartbeat pid=12302
[2026-04-02 18:18:18] kernel: heartbeat pid=14011
[2026-04-02 18:18:21] kernel: heartbeat pid=12302
[2026-04-02 18:18:23] kernel: heartbeat pid=14011
[2026-04-02 18:18:26] kernel: heartbeat pid=12302
[2026-04-02 18:18:28] kernel: heartbeat pid=14011
[2026-04-02 18:18:31] kernel: heartbeat pid=12302
[2026-04-02 18:18:34] kernel: heartbeat pid=14011
[2026-04-02 18:18:37] kernel: heartbeat pid=12302
[2026-04-02 18:18:39] kernel: heartbeat pid=14011
[2026-04-02 18:18:42] kernel: heartbeat pid=12302
[2026-04-02 18:18:44] kernel: heartbeat pid=14011
[2026-04-02 18:18:47] kernel: heartbeat pid=12302
[2026-04-02 18:18:49] kernel: heartbeat pid=14011
[2026-04-02 18:18:52] kernel: heartbeat pid=12302
[2026-04-02 18:18:55] kernel: heartbeat pid=14011
[2026-04-02 18:18:58] kernel: heartbeat pid=12302
[2026-04-02 18:19:00] kernel: heartbeat pid=14011
[2026-04-02 18:19:03] kernel: heartbeat pid=12302
[2026-04-02 18:19:05] kernel: heartbeat pid=14011
[2026-04-02 18:19:08] kernel: heartbeat pid=12302
[2026-04-02 18:19:10] kernel: heartbeat pid=14011
[2026-04-02 18:19:13] kernel: heartbeat pid=12302
[2026-04-02 18:19:15] kernel: heartbeat pid=14011
[2026-04-02 18:19:18] kernel: heartbeat pid=12302
[2026-04-02 18:19:21] kernel: heartbeat pid=14011
[2026-04-02 18:19:24] kernel: heartbeat pid=12302
[2026-04-02 18:19:26] kernel: heartbeat pid=14011
[2026-04-02 18:19:29] kernel: heartbeat pid=12302
[2026-04-02 18:19:31] kernel: heartbeat pid=14011
[2026-04-02 18:19:34] kernel: heartbeat pid=12302
[2026-04-02 18:19:36] kernel: heartbeat pid=14011
[2026-04-02 18:19:39] kernel: heartbeat pid=12302
[2026-04-02 18:19:42] kernel: heartbeat pid=14011
[2026-04-02 18:19:45] kernel: heartbeat pid=12302
[2026-04-02 18:19:47] kernel: heartbeat pid=14011
[2026-04-02 18:19:50] kernel: heartbeat pid=12302
[2026-04-02 18:19:52] kernel: heartbeat pid=14011
[2026-04-02 18:19:55] kernel: heartbeat pid=12302
[2026-04-02 18:19:57] kernel: heartbeat pid=14011
[2026-04-02 18:20:00] kernel: heartbeat pid=12302
[2026-04-02 18:20:03] kernel: heartbeat pid=14011
[2026-04-02 18:20:06] kernel: heartbeat pid=12302
[2026-04-02 18:20:08] kernel: heartbeat pid=14011
[2026-04-02 18:20:11] kernel: heartbeat pid=12302
[2026-04-02 18:20:13] kernel: heartbeat pid=14011
[2026-04-02 18:20:16] kernel: heartbeat pid=12302
[2026-04-02 18:20:18] kernel: heartbeat pid=14011
[2026-04-02 18:20:21] kernel: heartbeat pid=12302
[2026-04-02 18:20:23] kernel: heartbeat pid=14011
[2026-04-02 18:20:26] kernel: heartbeat pid=12302
[2026-04-02 18:20:28] kernel: heartbeat pid=14011
[2026-04-02 18:20:32] kernel: heartbeat pid=12302
[2026-04-02 18:20:33] kernel: heartbeat pid=14011
[2026-04-02 18:20:37] kernel: heartbeat pid=12302
[2026-04-02 18:20:39] kernel: heartbeat pid=14011
[2026-04-02 18:20:42] kernel: heartbeat pid=12302
[2026-04-02 18:20:44] kernel: heartbeat pid=14011
[2026-04-03 08:50:32] kernel: heartbeat pid=5079
[2026-04-03 08:50:33] kernel: heartbeat pid=4651
[2026-04-03 08:50:37] kernel: heartbeat pid=5079
[2026-04-03 08:50:38] kernel: heartbeat pid=4651
[2026-04-03 08:50:42] kernel: heartbeat pid=5079
[2026-04-03 08:50:43] kernel: heartbeat pid=4651
